#
# There is insufficient memory for the Java Runtime Environment to continue.
# Native memory allocation (malloc) failed to allocate 65552 bytes for Chunk::new
# Possible reasons:
#   The system is out of physical RAM or swap space
#   The process is running with CompressedOops enabled, and the Java Heap may be blocking the growth of the native heap
# Possible solutions:
#   Reduce memory load on the system
#   Increase physical memory or swap space
#   Check if swap backing store is full
#   Decrease Java heap size (-Xmx/-Xms)
#   Decrease number of Java threads
#   Decrease Java thread stack sizes (-Xss)
#   Set larger code cache with -XX:ReservedCodeCacheSize=
#   JVM is running with Unscaled Compressed Oops mode in which the Java heap is
#     placed in the first 4GB address space. The Java Heap base address is the
#     maximum limit for the native heap growth. Please use -XX:HeapBaseMinAddress
#     to set the Java Heap base and to place the Java Heap above 4GB virtual address.
# This output file may be truncated or incomplete.
#
#  Out of Memory Error (allocation.cpp:389), pid=9208, tid=0x00000000000031b8
#
# JRE version: OpenJDK Runtime Environment (8.0_202-b03) (build 1.8.0_202-release-1483-b03)
# Java VM: OpenJDK 64-Bit Server VM (25.202-b03 mixed mode windows-amd64 compressed oops)
# Failed to write core dump. Minidumps are not enabled by default on client versions of Windows
#

---------------  T H R E A D  ---------------

Current thread (0x0000000016a8f800):  JavaThread "C2 CompilerThread1" daemon [_thread_in_native, id=12728, stack(0x0000000018200000,0x0000000018300000)]

Stack: [0x0000000018200000,0x0000000018300000]
[error occurred during error reporting (printing stack bounds), id 0xc0000005]

Native frames: (J=compiled Java code, j=interpreted, Vv=VM code, C=native code)


Current CompileTask:
C2:   7773 4188   !   4       com.sun.beans.TypeResolver::resolve (274 bytes)


---------------  P R O C E S S  ---------------

Java Threads: ( => current thread )
  0x000000001d38e800 JavaThread "Cache worker for Build Output Cleanup Cache (C:\Users\marcelo.couto\AndroidStudioProjects\Trabalho02\.gradle\buildOutputCleanup)" [_thread_blocked, id=4444, stack(0x0000000022bb0000,0x0000000022cb0000)]
  0x000000001d38b000 JavaThread "pool-1-thread-1" [_thread_blocked, id=7560, stack(0x00000000228b0000,0x00000000229b0000)]
  0x000000001d38e000 JavaThread "Build operations Thread 4" [_thread_blocked, id=13288, stack(0x00000000220f0000,0x00000000221f0000)]
  0x000000001d386800 JavaThread "Build operations Thread 3" [_thread_blocked, id=12416, stack(0x0000000021ff0000,0x00000000220f0000)]
  0x000000001d38a000 JavaThread "Build operations Thread 2" [_thread_blocked, id=580, stack(0x0000000021ef0000,0x0000000021ff0000)]
  0x000000001d38d000 JavaThread "Build operations" [_thread_blocked, id=5916, stack(0x0000000021df0000,0x0000000021ef0000)]
  0x000000001d388000 JavaThread "Cache worker for execution history cache (C:\Users\marcelo.couto\.gradle\caches\5.4.1\executionHistory)" [_thread_blocked, id=5936, stack(0x0000000020d20000,0x0000000020e20000)]
  0x000000001d385800 JavaThread "Cache worker for cache directory md-rule (C:\Users\marcelo.couto\.gradle\caches\5.4.1\md-rule)" [_thread_blocked, id=8204, stack(0x0000000020c20000,0x0000000020d20000)]
  0x000000001d389800 JavaThread "Cache worker for cache directory md-supplier (C:\Users\marcelo.couto\.gradle\caches\5.4.1\md-supplier)" [_thread_blocked, id=5320, stack(0x000000001f080000,0x000000001f180000)]
  0x0000000018e2b000 JavaThread "Cache worker for file hash cache (C:\Users\marcelo.couto\AndroidStudioProjects\Trabalho02\.gradle\5.4.1\fileHashes)" [_thread_blocked, id=11472, stack(0x000000001ef80000,0x000000001f080000)]
  0x0000000018e28000 JavaThread "Cache worker for journal cache (C:\Users\marcelo.couto\.gradle\caches\journal-1)" [_thread_blocked, id=9824, stack(0x000000001c840000,0x000000001c940000)]
  0x0000000018e2a800 JavaThread "File lock request listener" [_thread_in_native, id=10724, stack(0x000000001c540000,0x000000001c640000)]
  0x0000000019db8800 JavaThread "Cache worker for file hash cache (C:\Users\marcelo.couto\.gradle\caches\5.4.1\fileHashes)" [_thread_blocked, id=3440, stack(0x000000001c440000,0x000000001c540000)]
  0x0000000019d8a800 JavaThread "Thread-9" [_thread_blocked, id=9052, stack(0x000000001c340000,0x000000001c440000)]
  0x000000001970a800 JavaThread "Stdin handler" [_thread_blocked, id=3264, stack(0x000000001c240000,0x000000001c340000)]
  0x000000001a11f800 JavaThread "Asynchronous log dispatcher for DefaultDaemonConnection: socket connection from /127.0.0.1:51066 to /127.0.0.1:51067" [_thread_blocked, id=7400, stack(0x000000001c140000,0x000000001c240000)]
  0x0000000019c68000 JavaThread "Daemon worker" [_thread_in_Java, id=8836, stack(0x000000001c040000,0x000000001c140000)]
  0x00000000194f8000 JavaThread "Cancel handler" [_thread_blocked, id=3092, stack(0x000000001bf40000,0x000000001c040000)]
  0x0000000018615800 JavaThread "Handler for socket connection from /127.0.0.1:51066 to /127.0.0.1:51067" [_thread_in_native, id=4260, stack(0x000000001bc40000,0x000000001bd40000)]
  0x0000000018614800 JavaThread "Daemon" [_thread_blocked, id=10476, stack(0x000000001bb40000,0x000000001bc40000)]
  0x0000000019b0a000 JavaThread "Daemon periodic checks" [_thread_blocked, id=12148, stack(0x000000001ba40000,0x000000001bb40000)]
  0x0000000019bbd000 JavaThread "Incoming local TCP Connector on port 51066" [_thread_in_native, id=12512, stack(0x000000001b7e0000,0x000000001b8e0000)]
  0x000000001a00f000 JavaThread "Daemon health stats" [_thread_blocked, id=11552, stack(0x000000001b1a0000,0x000000001b2a0000)]
  0x0000000016aed000 JavaThread "Service Thread" daemon [_thread_blocked, id=3724, stack(0x0000000018800000,0x0000000018900000)]
  0x0000000016a9c000 JavaThread "C1 CompilerThread2" daemon [_thread_blocked, id=11520, stack(0x0000000018300000,0x0000000018400000)]
=>0x0000000016a8f800 JavaThread "C2 CompilerThread1" daemon [_thread_in_native, id=12728, stack(0x0000000018200000,0x0000000018300000)]
  0x0000000016a8b800 JavaThread "C2 CompilerThread0" daemon [_thread_blocked, id=7740, stack(0x0000000018100000,0x0000000018200000)]
  0x0000000016a8a000 JavaThread "Attach Listener" daemon [_thread_blocked, id=2164, stack(0x0000000018000000,0x0000000018100000)]
  0x0000000016a89000 JavaThread "Signal Dispatcher" daemon [_thread_blocked, id=12972, stack(0x0000000017f00000,0x0000000018000000)]
  0x000000000306b000 JavaThread "Finalizer" daemon [_thread_blocked, id=8468, stack(0x0000000017cf0000,0x0000000017df0000)]
  0x0000000016a79000 JavaThread "Reference Handler" daemon [_thread_blocked, id=1284, stack(0x0000000017bf0000,0x0000000017cf0000)]
  0x000000000311e000 JavaThread "main" [_thread_blocked, id=3636, stack(0x0000000002e00000,0x0000000002f00000)]

Other Threads:
  0x0000000016a56000 VMThread [stack: 0x0000000017af0000,0x0000000017bf0000] [id=10620]
  0x0000000016aee000 WatcherThread [stack: 0x0000000018900000,0x0000000018a00000] [id=13244]

VM state:not at safepoint (normal execution)

VM Mutex/Monitor currently owned by a thread: None

heap address: 0x00000000a0000000, size: 1536 MB, Compressed Oops mode: 32-bit
Narrow klass base: 0x0000000000000000, Narrow klass shift: 3
Compressed class space size: 1073741824 Address: 0x0000000100000000

Heap:
 PSYoungGen      total 139776K, used 30816K [0x00000000e0000000, 0x00000000eab80000, 0x0000000100000000)
  eden space 128000K, 14% used [0x00000000e0000000,0x00000000e129e6b0,0x00000000e7d00000)
  from space 11776K, 99% used [0x00000000e7d00000,0x00000000e8879d48,0x00000000e8880000)
  to   space 13312K, 0% used [0x00000000e9e80000,0x00000000e9e80000,0x00000000eab80000)
 ParOldGen       total 66560K, used 20323K [0x00000000a0000000, 0x00000000a4100000, 0x00000000e0000000)
  object space 66560K, 30% used [0x00000000a0000000,0x00000000a13d8c98,0x00000000a4100000)
 Metaspace       used 48358K, capacity 49646K, committed 49920K, reserved 1091584K
  class space    used 6490K, capacity 6794K, committed 6912K, reserved 1048576K

Card table byte_map: [0x00000000124e0000,0x00000000127f0000] byte_map_base: 0x0000000011fe0000

Marking Bits: (ParMarkBitMap*) 0x00000000774f9f30
 Begin Bits: [0x0000000012df0000, 0x00000000145f0000)
 End Bits:   [0x00000000145f0000, 0x0000000015df0000)

Polling page: 0x0000000001070000

CodeCache: size=245760Kb used=13422Kb max_used=13433Kb free=232337Kb
 bounds [0x0000000003120000, 0x0000000003e70000, 0x0000000012120000]
 total_blobs=4746 nmethods=3983 adapters=676
 compilation: enabled

Compilation events (10 events):
Event: 7.754 Thread 0x0000000016a9c000 nmethod 4329 0x0000000003921250 code [0x00000000039213a0, 0x0000000003921570]
Event: 7.759 Thread 0x0000000016a9c000 4330       3       java.lang.invoke.MethodHandles$Lookup::checkSymbolicClass (42 bytes)
Event: 7.760 Thread 0x0000000016a9c000 nmethod 4330 0x00000000036ffd10 code [0x00000000036fff40, 0x0000000003700a18]
Event: 7.760 Thread 0x0000000016a9c000 4331       3       java.lang.invoke.DirectMethodHandle::maybeCompile (18 bytes)
Event: 7.760 Thread 0x0000000016a9c000 nmethod 4331 0x00000000036ff7d0 code [0x00000000036ff940, 0x00000000036ffbd8]
Event: 7.760 Thread 0x0000000016a9c000 4332       3       java.lang.invoke.DirectMethodHandle::<init> (132 bytes)
Event: 7.761 Thread 0x0000000016a9c000 nmethod 4332 0x00000000033d84d0 code [0x00000000033d8780, 0x00000000033d9f98]
Event: 7.765 Thread 0x0000000016a9c000 4333       3       sun.invoke.util.VerifyAccess::isTypeVisible (49 bytes)
Event: 7.765 Thread 0x0000000016a9c000 nmethod 4333 0x00000000033d7bd0 code [0x00000000033d7d60, 0x00000000033d82a8]
Event: 7.768 Thread 0x0000000016a9c000 4336       3       jdk.internal.org.objectweb.asm.Type::getArgumentsAndReturnSizes (151 bytes)

GC Heap History (10 events):
Event: 3.970 GC heap before
{Heap before GC invocations=7 (full 1):
 PSYoungGen      total 70656K, used 65536K [0x00000000e0000000, 0x00000000e9800000, 0x0000000100000000)
  eden space 65536K, 100% used [0x00000000e0000000,0x00000000e4000000,0x00000000e4000000)
  from space 5120K, 0% used [0x00000000e4000000,0x00000000e4000000,0x00000000e4500000)
  to   space 12288K, 0% used [0x00000000e8c00000,0x00000000e8c00000,0x00000000e9800000)
 ParOldGen       total 66560K, used 11172K [0x00000000a0000000, 0x00000000a4100000, 0x00000000e0000000)
  object space 66560K, 16% used [0x00000000a0000000,0x00000000a0ae9340,0x00000000a4100000)
 Metaspace       used 29015K, capacity 29618K, committed 30080K, reserved 1075200K
  class space    used 3921K, capacity 4100K, committed 4224K, reserved 1048576K
Event: 3.978 GC heap after
Heap after GC invocations=7 (full 1):
 PSYoungGen      total 107008K, used 7984K [0x00000000e0000000, 0x00000000e9400000, 0x0000000100000000)
  eden space 98816K, 0% used [0x00000000e0000000,0x00000000e0000000,0x00000000e6080000)
  from space 8192K, 97% used [0x00000000e8c00000,0x00000000e93cc1c0,0x00000000e9400000)
  to   space 11776K, 0% used [0x00000000e7d00000,0x00000000e7d00000,0x00000000e8880000)
 ParOldGen       total 66560K, used 11180K [0x00000000a0000000, 0x00000000a4100000, 0x00000000e0000000)
  object space 66560K, 16% used [0x00000000a0000000,0x00000000a0aeb340,0x00000000a4100000)
 Metaspace       used 29015K, capacity 29618K, committed 30080K, reserved 1075200K
  class space    used 3921K, capacity 4100K, committed 4224K, reserved 1048576K
}
Event: 5.328 GC heap before
{Heap before GC invocations=8 (full 1):
 PSYoungGen      total 107008K, used 106800K [0x00000000e0000000, 0x00000000e9400000, 0x0000000100000000)
  eden space 98816K, 100% used [0x00000000e0000000,0x00000000e6080000,0x00000000e6080000)
  from space 8192K, 97% used [0x00000000e8c00000,0x00000000e93cc1c0,0x00000000e9400000)
  to   space 11776K, 0% used [0x00000000e7d00000,0x00000000e7d00000,0x00000000e8880000)
 ParOldGen       total 66560K, used 11180K [0x00000000a0000000, 0x00000000a4100000, 0x00000000e0000000)
  object space 66560K, 16% used [0x00000000a0000000,0x00000000a0aeb340,0x00000000a4100000)
 Metaspace       used 33957K, capacity 34652K, committed 34944K, reserved 1079296K
  class space    used 4676K, capacity 4873K, committed 4992K, reserved 1048576K
Event: 5.347 GC heap after
Heap after GC invocations=8 (full 1):
 PSYoungGen      total 139776K, used 11154K [0x00000000e0000000, 0x00000000eab80000, 0x0000000100000000)
  eden space 128000K, 0% used [0x00000000e0000000,0x00000000e0000000,0x00000000e7d00000)
  from space 11776K, 94% used [0x00000000e7d00000,0x00000000e87e4b88,0x00000000e8880000)
  to   space 13312K, 0% used [0x00000000e9e80000,0x00000000e9e80000,0x00000000eab80000)
 ParOldGen       total 66560K, used 11188K [0x00000000a0000000, 0x00000000a4100000, 0x00000000e0000000)
  object space 66560K, 16% used [0x00000000a0000000,0x00000000a0aed340,0x00000000a4100000)
 Metaspace       used 33957K, capacity 34652K, committed 34944K, reserved 1079296K
  class space    used 4676K, capacity 4873K, committed 4992K, reserved 1048576K
}
Event: 5.688 GC heap before
{Heap before GC invocations=9 (full 1):
 PSYoungGen      total 139776K, used 32885K [0x00000000e0000000, 0x00000000eab80000, 0x0000000100000000)
  eden space 128000K, 16% used [0x00000000e0000000,0x00000000e1538970,0x00000000e7d00000)
  from space 11776K, 94% used [0x00000000e7d00000,0x00000000e87e4b88,0x00000000e8880000)
  to   space 13312K, 0% used [0x00000000e9e80000,0x00000000e9e80000,0x00000000eab80000)
 ParOldGen       total 66560K, used 11188K [0x00000000a0000000, 0x00000000a4100000, 0x00000000e0000000)
  object space 66560K, 16% used [0x00000000a0000000,0x00000000a0aed340,0x00000000a4100000)
 Metaspace       used 34634K, capacity 35380K, committed 35456K, reserved 1079296K
  class space    used 4775K, capacity 4955K, committed 4992K, reserved 1048576K
Event: 5.702 GC heap after
Heap after GC invocations=9 (full 1):
 PSYoungGen      total 141312K, used 8656K [0x00000000e0000000, 0x00000000eab80000, 0x0000000100000000)
  eden space 128000K, 0% used [0x00000000e0000000,0x00000000e0000000,0x00000000e7d00000)
  from space 13312K, 65% used [0x00000000e9e80000,0x00000000ea6f4010,0x00000000eab80000)
  to   space 11776K, 0% used [0x00000000e7d00000,0x00000000e7d00000,0x00000000e8880000)
 ParOldGen       total 66560K, used 11196K [0x00000000a0000000, 0x00000000a4100000, 0x00000000e0000000)
  object space 66560K, 16% used [0x00000000a0000000,0x00000000a0aef340,0x00000000a4100000)
 Metaspace       used 34634K, capacity 35380K, committed 35456K, reserved 1079296K
  class space    used 4775K, capacity 4955K, committed 4992K, reserved 1048576K
}
Event: 5.702 GC heap before
{Heap before GC invocations=10 (full 2):
 PSYoungGen      total 141312K, used 8656K [0x00000000e0000000, 0x00000000eab80000, 0x0000000100000000)
  eden space 128000K, 0% used [0x00000000e0000000,0x00000000e0000000,0x00000000e7d00000)
  from space 13312K, 65% used [0x00000000e9e80000,0x00000000ea6f4010,0x00000000eab80000)
  to   space 11776K, 0% used [0x00000000e7d00000,0x00000000e7d00000,0x00000000e8880000)
 ParOldGen       total 66560K, used 11196K [0x00000000a0000000, 0x00000000a4100000, 0x00000000e0000000)
  object space 66560K, 16% used [0x00000000a0000000,0x00000000a0aef340,0x00000000a4100000)
 Metaspace       used 34634K, capacity 35380K, committed 35456K, reserved 1079296K
  class space    used 4775K, capacity 4955K, committed 4992K, reserved 1048576K
Event: 5.778 GC heap after
Heap after GC invocations=10 (full 2):
 PSYoungGen      total 141312K, used 0K [0x00000000e0000000, 0x00000000eab80000, 0x0000000100000000)
  eden space 128000K, 0% used [0x00000000e0000000,0x00000000e0000000,0x00000000e7d00000)
  from space 13312K, 0% used [0x00000000e9e80000,0x00000000e9e80000,0x00000000eab80000)
  to   space 11776K, 0% used [0x00000000e7d00000,0x00000000e7d00000,0x00000000e8880000)
 ParOldGen       total 66560K, used 15663K [0x00000000a0000000, 0x00000000a4100000, 0x00000000e0000000)
  object space 66560K, 23% used [0x00000000a0000000,0x00000000a0f4be70,0x00000000a4100000)
 Metaspace       used 34623K, capacity 35344K, committed 35456K, reserved 1079296K
  class space    used 4771K, capacity 4949K, committed 4992K, reserved 1048576K
}
Event: 7.501 GC heap before
{Heap before GC invocations=11 (full 2):
 PSYoungGen      total 141312K, used 128000K [0x00000000e0000000, 0x00000000eab80000, 0x0000000100000000)
  eden space 128000K, 100% used [0x00000000e0000000,0x00000000e7d00000,0x00000000e7d00000)
  from space 13312K, 0% used [0x00000000e9e80000,0x00000000e9e80000,0x00000000eab80000)
  to   space 11776K, 0% used [0x00000000e7d00000,0x00000000e7d00000,0x00000000e8880000)
 ParOldGen       total 66560K, used 15663K [0x00000000a0000000, 0x00000000a4100000, 0x00000000e0000000)
  object space 66560K, 23% used [0x00000000a0000000,0x00000000a0f4be70,0x00000000a4100000)
 Metaspace       used 46375K, capacity 47544K, committed 47744K, reserved 1091584K
  class space    used 6227K, capacity 6515K, committed 6528K, reserved 1048576K
Event: 7.515 GC heap after
Heap after GC invocations=11 (full 2):
 PSYoungGen      total 139776K, used 11751K [0x00000000e0000000, 0x00000000eab80000, 0x0000000100000000)
  eden space 128000K, 0% used [0x00000000e0000000,0x00000000e0000000,0x00000000e7d00000)
  from space 11776K, 99% used [0x00000000e7d00000,0x00000000e8879d48,0x00000000e8880000)
  to   space 13312K, 0% used [0x00000000e9e80000,0x00000000e9e80000,0x00000000eab80000)
 ParOldGen       total 66560K, used 20323K [0x00000000a0000000, 0x00000000a4100000, 0x00000000e0000000)
  object space 66560K, 30% used [0x00000000a0000000,0x00000000a13d8c98,0x00000000a4100000)
 Metaspace       used 46375K, capacity 47544K, committed 47744K, reserved 1091584K
  class space    used 6227K, capacity 6515K, committed 6528K, reserved 1048576K
}

Deoptimization events (10 events):
Event: 6.537 Thread 0x0000000019c68000 Uncommon trap: reason=unstable_if action=reinterpret pc=0x0000000003b9c87c method=java.util.LinkedHashMap.get(Ljava/lang/Object;)Ljava/lang/Object; @ 20
Event: 6.636 Thread 0x0000000019c68000 Uncommon trap: reason=unstable_if action=reinterpret pc=0x000000000398cea0 method=org.objectweb.asm.ByteVector.putUTF8(Ljava/lang/String;)Lorg/objectweb/asm/ByteVector; @ 93
Event: 6.637 Thread 0x0000000019c68000 Uncommon trap: reason=range_check action=make_not_entrant pc=0x0000000003cb06a8 method=java.lang.String.charAt(I)C @ 27
Event: 6.803 Thread 0x0000000019c68000 Uncommon trap: reason=unstable_if action=reinterpret pc=0x00000000038eeeb0 method=org.objectweb.asm.ByteVector.putUTF8(Ljava/lang/String;)Lorg/objectweb/asm/ByteVector; @ 93
Event: 7.233 Thread 0x0000000019c68000 Uncommon trap: reason=unstable_if action=reinterpret pc=0x0000000003984820 method=org.gradle.internal.reflect.PropertyAccessorType.of(Ljava/lang/reflect/Method;)Lorg/gradle/internal/reflect/PropertyAccessorType; @ 56
Event: 7.353 Thread 0x0000000019c68000 Uncommon trap: reason=unstable_if action=reinterpret pc=0x00000000036a1ce4 method=java.lang.String.lastIndexOf([CII[CIII)I @ 17
Event: 7.353 Thread 0x0000000019c68000 Uncommon trap: reason=unstable_if action=reinterpret pc=0x00000000039494fc method=sun.net.www.protocol.jar.Handler.parseURL(Ljava/net/URL;Ljava/lang/String;II)V @ 94
Event: 7.486 Thread 0x0000000019c68000 Uncommon trap: reason=unstable_if action=reinterpret pc=0x0000000003a20298 method=org.codehaus.groovy.runtime.metaclass.MetaMethodIndex.addMethodToList(Ljava/lang/Object;Lgroovy/lang/MetaMethod;)Ljava/lang/Object; @ 226
Event: 7.657 Thread 0x0000000019c68000 Uncommon trap: reason=unstable_if action=reinterpret pc=0x000000000367f158 method=org.gradle.internal.instantiation.AbstractClassGenerator$InjectionAnnotationValidator.validateMethod(Ljava/lang/reflect/Method;Lorg/gradle/internal/reflect/PropertyAccessorT
Event: 7.767 Thread 0x0000000019c68000 Uncommon trap: reason=unstable_if action=reinterpret pc=0x0000000003232a2c method=jdk.internal.org.objectweb.asm.Type.getArgumentsAndReturnSizes(Ljava/lang/String;)I @ 88

Classes redefined (0 events):
No events

Internal exceptions (10 events):
Event: 7.564 Thread 0x0000000019c68000 Exception <a 'java/lang/ClassNotFoundException': org/gradle/api/plugins/internal/DefaultBasePluginConventionBeanInfo> (0x00000000e057b9d0) thrown at [D:\src\AOSP-openjdk-cygwin\jdk8u\hotspot\src\share\vm\classfile\systemDictionary.cpp, line 210]
Event: 7.567 Thread 0x0000000019c68000 Exception <a 'java/lang/ClassNotFoundException': org/gradle/api/plugins/BasePluginConventionBeanInfo> (0x00000000e05c0358) thrown at [D:\src\AOSP-openjdk-cygwin\jdk8u\hotspot\src\share\vm\classfile\systemDictionary.cpp, line 210]
Event: 7.568 Thread 0x0000000019c68000 Exception <a 'java/lang/ClassNotFoundException': org/gradle/api/plugins/BasePluginConventionCustomizer> (0x00000000e0605e58) thrown at [D:\src\AOSP-openjdk-cygwin\jdk8u\hotspot\src\share\vm\classfile\systemDictionary.cpp, line 210]
Event: 7.570 Thread 0x0000000019c68000 Exception <a 'java/lang/ClassNotFoundException': org/gradle/api/plugins/internal/DefaultBasePluginConventionCustomizer> (0x00000000e066ad08) thrown at [D:\src\AOSP-openjdk-cygwin\jdk8u\hotspot\src\share\vm\classfile\systemDictionary.cpp, line 210]
Event: 7.573 Thread 0x0000000019c68000 Exception <a 'java/lang/ClassNotFoundException': org/gradle/api/plugins/internal/DefaultJavaPluginConventionBeanInfo> (0x00000000e0708888) thrown at [D:\src\AOSP-openjdk-cygwin\jdk8u\hotspot\src\share\vm\classfile\systemDictionary.cpp, line 210]
Event: 7.573 Thread 0x0000000019c68000 Exception <a 'java/lang/ClassNotFoundException': org/gradle/api/plugins/JavaPluginConventionBeanInfo> (0x00000000e074d1a8) thrown at [D:\src\AOSP-openjdk-cygwin\jdk8u\hotspot\src\share\vm\classfile\systemDictionary.cpp, line 210]
Event: 7.574 Thread 0x0000000019c68000 Exception <a 'java/lang/ClassNotFoundException': org/gradle/api/plugins/JavaPluginConventionCustomizer> (0x00000000e0792ca8) thrown at [D:\src\AOSP-openjdk-cygwin\jdk8u\hotspot\src\share\vm\classfile\systemDictionary.cpp, line 210]
Event: 7.576 Thread 0x0000000019c68000 Exception <a 'java/lang/ClassNotFoundException': org/gradle/api/plugins/internal/DefaultJavaPluginConventionCustomizer> (0x00000000e0803b38) thrown at [D:\src\AOSP-openjdk-cygwin\jdk8u\hotspot\src\share\vm\classfile\systemDictionary.cpp, line 210]
Event: 7.766 Thread 0x0000000019c68000 Exception <a 'java/lang/NoSuchMethodError': java.lang.Object.lambda$comparing$77a9974f$1(Ljava/util/function/Function;Ljava/lang/Object;Ljava/lang/Object;)I> (0x00000000e1087910) thrown at [D:\src\AOSP-openjdk-cygwin\jdk8u\hotspot\src\share\vm\interpreter
Event: 7.768 Thread 0x0000000019c68000 Exception <a 'java/lang/NoSuchMethodError': java.lang.Object.lambda$comparingInt$7b0bb60$1(Ljava/util/function/ToIntFunction;Ljava/lang/Object;Ljava/lang/Object;)I> (0x00000000e1091ef8) thrown at [D:\src\AOSP-openjdk-cygwin\jdk8u\hotspot\src\share\vm\inte

Events (10 events):
Event: 7.764 loading class com/android/build/VariantOutput$OutputType done
Event: 7.764 loading class com/android/build/VariantOutput$OutputType
Event: 7.764 loading class com/android/build/VariantOutput$OutputType done
Event: 7.764 loading class com/android/build/gradle/internal/scope/ApkData
Event: 7.764 loading class com/android/build/gradle/internal/scope/ApkData done
Event: 7.767 Thread 0x0000000019c68000 Uncommon trap: trap_request=0xffffff65 fr.pc=0x0000000003232a2c
Event: 7.767 Thread 0x0000000019c68000 DEOPT PACKING pc=0x0000000003232a2c sp=0x000000001c1391a0
Event: 7.767 Thread 0x0000000019c68000 DEOPT UNPACKING pc=0x000000000316557b sp=0x000000001c139130 mode 2
Event: 7.767 loading class com/android/build/gradle/internal/scope/ApkData
Event: 7.767 loading class com/android/build/gradle/internal/scope/ApkData done


Dynamic libraries:
0x00007ff711fa0000 - 0x00007ff711fd1000 	C:\Program Files\Android\Android Studio\jre\bin\java.exe
0x00007ffb3c090000 - 0x00007ffb3c27d000 	C:\Windows\SYSTEM32\ntdll.dll
0x00007ffb39750000 - 0x00007ffb39803000 	C:\Windows\System32\KERNEL32.DLL
0x00007ffb38e50000 - 0x00007ffb390e3000 	C:\Windows\System32\KERNELBASE.dll
0x00007ffb3bf50000 - 0x00007ffb3bff3000 	C:\Windows\System32\ADVAPI32.dll
0x00007ffb3b380000 - 0x00007ffb3b41e000 	C:\Windows\System32\msvcrt.dll
0x00007ffb3b500000 - 0x00007ffb3b59e000 	C:\Windows\System32\sechost.dll
0x00007ffb39620000 - 0x00007ffb39742000 	C:\Windows\System32\RPCRT4.dll
0x00007ffb39290000 - 0x00007ffb39427000 	C:\Windows\System32\USER32.dll
0x00007ffb38e30000 - 0x00007ffb38e50000 	C:\Windows\System32\win32u.dll
0x00007ffb3bf20000 - 0x00007ffb3bf49000 	C:\Windows\System32\GDI32.dll
0x00007ffb38130000 - 0x00007ffb382ca000 	C:\Windows\System32\gdi32full.dll
0x00007ffb391f0000 - 0x00007ffb39290000 	C:\Windows\System32\msvcp_win.dll
0x00007ffb38350000 - 0x00007ffb3844a000 	C:\Windows\System32\ucrtbase.dll
0x00007ffb1ff40000 - 0x00007ffb201b9000 	C:\Windows\WinSxS\amd64_microsoft.windows.common-controls_6595b64144ccf1df_6.0.17763.379_none_05b83be8071c94a1\COMCTL32.dll
0x00007ffb39b60000 - 0x00007ffb39e8d000 	C:\Windows\System32\combase.dll
0x00007ffb39110000 - 0x00007ffb3918e000 	C:\Windows\System32\bcryptPrimitives.dll
0x00007ffb3b770000 - 0x00007ffb3b79e000 	C:\Windows\System32\IMM32.DLL
0x0000000050250000 - 0x0000000050322000 	C:\Program Files\Android\Android Studio\jre\jre\bin\msvcr100.dll
0x0000000076d30000 - 0x0000000077576000 	C:\Program Files\Android\Android Studio\jre\jre\bin\server\jvm.dll
0x00007ffb3bd00000 - 0x00007ffb3bd08000 	C:\Windows\System32\PSAPI.DLL
0x00007ffb35a90000 - 0x00007ffb35ab4000 	C:\Windows\SYSTEM32\WINMM.dll
0x00007ffb26540000 - 0x00007ffb2654a000 	C:\Windows\SYSTEM32\VERSION.dll
0x00007ffb35a60000 - 0x00007ffb35a8d000 	C:\Windows\SYSTEM32\WINMMBASE.dll
0x00007ffb333e0000 - 0x00007ffb333e9000 	C:\Windows\SYSTEM32\WSOCK32.dll
0x00007ffb399c0000 - 0x00007ffb39a2d000 	C:\Windows\System32\WS2_32.dll
0x00007ffb38300000 - 0x00007ffb3834a000 	C:\Windows\System32\cfgmgr32.dll
0x00007ffb2ff70000 - 0x00007ffb2ff7f000 	C:\Program Files\Android\Android Studio\jre\jre\bin\verify.dll
0x00007ffb2bba0000 - 0x00007ffb2bbc9000 	C:\Program Files\Android\Android Studio\jre\jre\bin\java.dll
0x00007ffb2ff50000 - 0x00007ffb2ff66000 	C:\Program Files\Android\Android Studio\jre\jre\bin\zip.dll
0x00007ffb39e90000 - 0x00007ffb3b380000 	C:\Windows\System32\SHELL32.dll
0x00007ffb39430000 - 0x00007ffb394d8000 	C:\Windows\System32\shcore.dll
0x00007ffb386e0000 - 0x00007ffb38e2a000 	C:\Windows\System32\windows.storage.dll
0x00007ffb38080000 - 0x00007ffb380a4000 	C:\Windows\System32\profapi.dll
0x00007ffb380d0000 - 0x00007ffb3812d000 	C:\Windows\System32\powrprof.dll
0x00007ffb3b710000 - 0x00007ffb3b762000 	C:\Windows\System32\shlwapi.dll
0x00007ffb38060000 - 0x00007ffb38071000 	C:\Windows\System32\kernel.appcore.dll
0x00007ffb390f0000 - 0x00007ffb39107000 	C:\Windows\System32\cryptsp.dll
0x00007ffb2bb80000 - 0x00007ffb2bb9a000 	C:\Program Files\Android\Android Studio\jre\jre\bin\net.dll
0x00007ffb37880000 - 0x00007ffb378e7000 	C:\Windows\system32\mswsock.dll
0x00007ffb2bb60000 - 0x00007ffb2bb71000 	C:\Program Files\Android\Android Studio\jre\jre\bin\nio.dll
0x00007ffb26640000 - 0x00007ffb26666000 	C:\Users\marcelo.couto\.gradle\native\29\windows-amd64\native-platform.dll
0x00007ffb2bb50000 - 0x00007ffb2bb5d000 	C:\Program Files\Android\Android Studio\jre\jre\bin\management.dll
0x00007ffb37440000 - 0x00007ffb37473000 	C:\Windows\system32\rsaenh.dll
0x00007ffb382d0000 - 0x00007ffb382f6000 	C:\Windows\System32\bcrypt.dll
0x00007ffb37f90000 - 0x00007ffb37fb8000 	C:\Windows\SYSTEM32\USERENV.dll
0x00007ffb37a50000 - 0x00007ffb37a5c000 	C:\Windows\SYSTEM32\CRYPTBASE.dll
0x00007ffb375e0000 - 0x00007ffb3761d000 	C:\Windows\SYSTEM32\IPHLPAPI.DLL
0x00007ffb3c000000 - 0x00007ffb3c008000 	C:\Windows\System32\NSI.dll
0x00007ffb33c00000 - 0x00007ffb33c16000 	C:\Windows\SYSTEM32\dhcpcsvc6.DLL
0x00007ffb33be0000 - 0x00007ffb33bfc000 	C:\Windows\SYSTEM32\dhcpcsvc.DLL
0x00007ffb37620000 - 0x00007ffb376e6000 	C:\Windows\SYSTEM32\DNSAPI.dll

VM Arguments:
jvm_args: -Xmx1536m -Dfile.encoding=windows-1252 -Duser.country=BR -Duser.language=pt -Duser.variant 
java_command: org.gradle.launcher.daemon.bootstrap.GradleDaemon 5.4.1
java_class_path (initial): C:\Users\marcelo.couto\.gradle\wrapper\dists\gradle-5.4.1-all\3221gyojl5jsh0helicew7rwx\gradle-5.4.1\lib\gradle-launcher-5.4.1.jar
Launcher Type: SUN_STANDARD

Environment Variables:
PATH=C:\Program Files (x86)\Common Files\Oracle\Java\javapath;C:\Windows\system32;C:\Windows;C:\Windows\System32\Wbem;C:\Windows\System32\WindowsPowerShell\v1.0\;C:\Windows\System32\OpenSSH\;C:\Program Files (x86)\Intel\Intel(R) Management Engine Components\DAL;C:\Program Files\Intel\Intel(R) Management Engine Components\DAL;C:\Users\marcelo.couto\AppData\Local\Programs\Python\Python37-32;C:\Users\marcelo.couto\AppData\Local\Programs\Python\Python37-32\Scripts;"C:\Python34;C:\Python34\Scripts";C:\Program Files\Git\cmd;C:\Users\marcelo.couto\AppData\Local\Microsoft\WindowsApps;
USERNAME=Marcelo.Couto
OS=Windows_NT
PROCESSOR_IDENTIFIER=Intel64 Family 6 Model 142 Stepping 9, GenuineIntel



---------------  S Y S T E M  ---------------

OS: Windows 10.0 , 64 bit Build 17763 (10.0.17763.379)

CPU:total 4 (initial active 4) (2 cores per cpu, 2 threads per core) family 6 model 142 stepping 9, cmov, cx8, fxsr, mmx, sse, sse2, sse3, ssse3, sse4.1, sse4.2, popcnt, avx, avx2, aes, clmul, erms, 3dnowpref, lzcnt, ht, tsc, tscinvbit, bmi1, bmi2, adx

Memory: 4k page, physical 8164572k(862904k free), swap 8164572k(5192k free)

vm_info: OpenJDK 64-Bit Server VM (25.202-b03) for windows-amd64 JRE (1.8.0_202-release-1483-b03), built by "builder" with MS VC++ 10.0 (VS2010)

time: Sat Nov 09 17:03:36 2019
timezone: Hora Padrão de Buenos Aires
elapsed time: 7 seconds (0d 0h 0m 7s)

