#
# There is insufficient memory for the Java Runtime Environment to continue.
# Native memory allocation (malloc) failed to allocate 32744 bytes for ChunkPool::allocate
# Possible reasons:
#   The system is out of physical RAM or swap space
#   The process is running with CompressedOops enabled, and the Java Heap may be blocking the growth of the native heap
# Possible solutions:
#   Reduce memory load on the system
#   Increase physical memory or swap space
#   Check if swap backing store is full
#   Decrease Java heap size (-Xmx/-Xms)
#   Decrease number of Java threads
#   Decrease Java thread stack sizes (-Xss)
#   Set larger code cache with -XX:ReservedCodeCacheSize=
#   JVM is running with Unscaled Compressed Oops mode in which the Java heap is
#     placed in the first 4GB address space. The Java Heap base address is the
#     maximum limit for the native heap growth. Please use -XX:HeapBaseMinAddress
#     to set the Java Heap base and to place the Java Heap above 4GB virtual address.
# This output file may be truncated or incomplete.
#
#  Out of Memory Error (allocation.cpp:272), pid=2592, tid=0x00000000000024f4
#
# JRE version: OpenJDK Runtime Environment (8.0_202-b03) (build 1.8.0_202-release-1483-b03)
# Java VM: OpenJDK 64-Bit Server VM (25.202-b03 mixed mode windows-amd64 compressed oops)
# Failed to write core dump. Minidumps are not enabled by default on client versions of Windows
#

---------------  T H R E A D  ---------------

Current thread (0x0000000019e1e800):  JavaThread "Daemon worker" [_thread_in_vm, id=9460, stack(0x000000001adb0000,0x000000001aeb0000)]

Stack: [0x000000001adb0000,0x000000001aeb0000]
[error occurred during error reporting (printing stack bounds), id 0xc0000005]

Native frames: (J=compiled Java code, j=interpreted, Vv=VM code, C=native code)

Java frames: (J=compiled Java code, j=interpreted, Vv=VM code)
j  kotlin.reflect.jvm.internal.impl.metadata.builtins.BuiltInsProtoBuf.<clinit>()V+158
v  ~StubRoutines::call_stub
j  kotlin.reflect.jvm.internal.impl.serialization.deserialization.builtins.BuiltInSerializerProtocol.<init>()V+10
j  kotlin.reflect.jvm.internal.impl.serialization.deserialization.builtins.BuiltInSerializerProtocol.<clinit>()V+4
v  ~StubRoutines::call_stub
j  kotlin.reflect.jvm.internal.impl.serialization.deserialization.builtins.BuiltInsLoaderImpl.createBuiltInPackageFragmentProvider(Lkotlin/reflect/jvm/internal/impl/storage/StorageManager;Lkotlin/reflect/jvm/internal/impl/descriptors/ModuleDescriptor;Ljava/util/Set;Ljava/lang/Iterable;Lkotlin/reflect/jvm/internal/impl/descriptors/deserialization/PlatformDependentDeclarationFilter;Lkotlin/reflect/jvm/internal/impl/descriptors/deserialization/AdditionalClassPartsProvider;Lkotlin/jvm/functions/Function1;)Lkotlin/reflect/jvm/internal/impl/descriptors/PackageFragmentProvider;+114
j  kotlin.reflect.jvm.internal.impl.serialization.deserialization.builtins.BuiltInsLoaderImpl.createPackageFragmentProvider(Lkotlin/reflect/jvm/internal/impl/storage/StorageManager;Lkotlin/reflect/jvm/internal/impl/descriptors/ModuleDescriptor;Ljava/lang/Iterable;Lkotlin/reflect/jvm/internal/impl/descriptors/deserialization/PlatformDependentDeclarationFilter;Lkotlin/reflect/jvm/internal/impl/descriptors/deserialization/AdditionalClassPartsProvider;)Lkotlin/reflect/jvm/internal/impl/descriptors/PackageFragmentProvider;+63
j  kotlin.reflect.jvm.internal.impl.builtins.KotlinBuiltIns.createBuiltInsModule()V+50
j  kotlin.reflect.jvm.internal.impl.builtins.jvm.JvmBuiltIns.<init>(Lkotlin/reflect/jvm/internal/impl/storage/StorageManager;Z)V+43
j  kotlin.reflect.jvm.internal.impl.builtins.jvm.JvmBuiltIns.<init>(Lkotlin/reflect/jvm/internal/impl/storage/StorageManager;ZILkotlin/jvm/internal/DefaultConstructorMarker;)V+11
j  kotlin.reflect.jvm.internal.components.RuntimeModuleData$Companion.create(Ljava/lang/ClassLoader;)Lkotlin/reflect/jvm/internal/components/RuntimeModuleData;+25
j  kotlin.reflect.jvm.internal.ModuleByClassLoaderKt.getOrCreateModule(Ljava/lang/Class;)Lkotlin/reflect/jvm/internal/components/RuntimeModuleData;+79
j  kotlin.reflect.jvm.internal.KDeclarationContainerImpl$Data$moduleData$2.invoke()Lkotlin/reflect/jvm/internal/components/RuntimeModuleData;+10
j  kotlin.reflect.jvm.internal.KDeclarationContainerImpl$Data$moduleData$2.invoke()Ljava/lang/Object;+1
j  kotlin.reflect.jvm.internal.ReflectProperties$LazySoftVal.invoke()Ljava/lang/Object;+28
j  kotlin.reflect.jvm.internal.ReflectProperties$Val.getValue(Ljava/lang/Object;Ljava/lang/Object;)Ljava/lang/Object;+1
j  kotlin.reflect.jvm.internal.KDeclarationContainerImpl$Data.getModuleData()Lkotlin/reflect/jvm/internal/components/RuntimeModuleData;+10
j  kotlin.reflect.jvm.internal.KClassImpl$Data$descriptor$2.invoke()Lkotlin/reflect/jvm/internal/impl/descriptors/ClassDescriptor;+27
j  kotlin.reflect.jvm.internal.KClassImpl$Data$descriptor$2.invoke()Ljava/lang/Object;+1
j  kotlin.reflect.jvm.internal.ReflectProperties$LazySoftVal.invoke()Ljava/lang/Object;+28
j  kotlin.reflect.jvm.internal.ReflectProperties$Val.getValue(Ljava/lang/Object;Ljava/lang/Object;)Ljava/lang/Object;+1
j  kotlin.reflect.jvm.internal.KClassImpl$Data.getDescriptor()Lkotlin/reflect/jvm/internal/impl/descriptors/ClassDescriptor;+10
j  kotlin.reflect.jvm.internal.KClassImpl$Data$annotations$2.invoke()Ljava/util/List;+4
j  kotlin.reflect.jvm.internal.KClassImpl$Data$annotations$2.invoke()Ljava/lang/Object;+1
j  kotlin.reflect.jvm.internal.ReflectProperties$LazySoftVal.invoke()Ljava/lang/Object;+28
j  kotlin.reflect.jvm.internal.ReflectProperties$Val.getValue(Ljava/lang/Object;Ljava/lang/Object;)Ljava/lang/Object;+1
j  kotlin.reflect.jvm.internal.KClassImpl$Data.getAnnotations()Ljava/util/List;+10
j  kotlin.reflect.jvm.internal.KClassImpl.getAnnotations()Ljava/util/List;+10
j  com.android.build.gradle.tasks.TaskInjectionPointsCache$Companion$introspector$1.findID(Ljava/lang/reflect/AnnotatedElement;)Lcom/android/build/api/artifact/ArtifactType;+62
j  com.android.build.gradle.tasks.TaskInjectionPointsCache$Companion$introspector$1.load(Ljava/lang/Class;)Lcom/android/build/gradle/tasks/TaskInjectionPointsCache$InjectionPoints;+312
j  com.android.build.gradle.tasks.TaskInjectionPointsCache$Companion$introspector$1.load(Ljava/lang/Object;)Ljava/lang/Object;+5
j  com.google.common.cache.LocalCache$LoadingValueReference.loadFuture(Ljava/lang/Object;Lcom/google/common/cache/CacheLoader;)Lcom/google/common/util/concurrent/ListenableFuture;+24
j  com.google.common.cache.LocalCache$Segment.loadSync(Ljava/lang/Object;ILcom/google/common/cache/LocalCache$LoadingValueReference;Lcom/google/common/cache/CacheLoader;)Ljava/lang/Object;+4
j  com.google.common.cache.LocalCache$Segment.lockedGetOrLoad(Ljava/lang/Object;ILcom/google/common/cache/CacheLoader;)Ljava/lang/Object;+393
j  com.google.common.cache.LocalCache$Segment.get(Ljava/lang/Object;ILcom/google/common/cache/CacheLoader;)Ljava/lang/Object;+138
j  com.google.common.cache.LocalCache.get(Ljava/lang/Object;Lcom/google/common/cache/CacheLoader;)Ljava/lang/Object;+17
j  com.google.common.cache.LocalCache.getOrLoad(Ljava/lang/Object;)Ljava/lang/Object;+6
j  com.google.common.cache.LocalCache$LocalLoadingCache.get(Ljava/lang/Object;)Ljava/lang/Object;+5
j  com.android.build.gradle.tasks.TaskInjectionPointsCache$Companion.getInjectionPoints(Ljava/lang/Class;)Lcom/android/build/gradle/tasks/TaskInjectionPointsCache$InjectionPoints;+11
j  com.android.build.gradle.tasks.TaskArtifactsHolder.allocateArtifacts(Lcom/android/build/gradle/tasks/AnnotationProcessingTaskCreationAction;)V+13
j  com.android.build.gradle.tasks.AnnotationProcessingTaskCreationAction.preConfigure(Ljava/lang/String;)V+11
j  com.android.build.gradle.tasks.ProcessApplicationManifest$CreationAction.preConfigure(Ljava/lang/String;)V+2
j  com.android.build.gradle.internal.tasks.factory.TaskAction.doPreConfig(Ljava/lang/String;)V+12
j  com.android.build.gradle.internal.tasks.factory.TaskAction.postRegisterHook(Lorg/gradle/api/tasks/TaskProvider;)V+19
j  com.android.build.gradle.internal.tasks.factory.TaskFactoryUtils.registerTask(Lorg/gradle/api/tasks/TaskContainer;Lcom/android/build/gradle/internal/tasks/factory/TaskCreationAction;Lcom/android/build/gradle/internal/tasks/factory/PreConfigAction;Lcom/android/build/gradle/internal/tasks/factory/TaskConfigAction;Lcom/android/build/gradle/internal/tasks/factory/TaskProviderCallback;)Lorg/gradle/api/tasks/TaskProvider;+70
j  com.android.build.gradle.internal.tasks.factory.TaskFactoryImpl.register(Lcom/android/build/gradle/internal/tasks/factory/TaskCreationAction;)Lorg/gradle/api/tasks/TaskProvider;+14
j  com.android.build.gradle.internal.TaskManager.createMergeManifestTask(Lcom/android/build/gradle/internal/scope/VariantScope;)Lorg/gradle/api/tasks/TaskProvider;+32
j  com.android.build.gradle.internal.TaskManager.createMergeApkManifestsTask(Lcom/android/build/gradle/internal/scope/VariantScope;)V+36
j  com.android.build.gradle.internal.ApplicationTaskManager.createTasksForVariantScope(Lcom/android/build/gradle/internal/scope/VariantScope;Ljava/util/List;)V+50
j  com.android.build.gradle.internal.VariantManager.createTasksForVariantData(Lcom/android/build/gradle/internal/scope/VariantScope;)V+603
j  com.android.build.gradle.internal.VariantManager.createAndroidTasks()Ljava/util/List;+94
j  com.android.build.gradle.BasePlugin.createAndroidTasks()V+269
j  com.android.build.gradle.BasePlugin$$Lambda$95.call()V+4
j  com.android.builder.profile.ThreadRecorder.record(Lcom/google/wireless/android/sdk/stats/GradleBuildProfileSpan$ExecutionType;Ljava/lang/String;Ljava/lang/String;Lcom/android/builder/profile/Recorder$VoidBlock;)V+17
j  com.android.build.gradle.BasePlugin.lambda$createTasks$5(Lorg/gradle/api/Project;)V+30
j  com.android.build.gradle.BasePlugin$$Lambda$94.accept(Ljava/lang/Object;)V+8
j  com.android.build.gradle.internal.crash.CrashReporting$afterEvaluate$1.execute(Lorg/gradle/api/Project;)V+12
j  com.android.build.gradle.internal.crash.CrashReporting$afterEvaluate$1.execute(Ljava/lang/Object;)V+5
j  org.gradle.configuration.internal.DefaultListenerBuildOperationDecorator$BuildOperationEmittingAction$1$1.run()V+17
j  org.gradle.configuration.internal.DefaultUserCodeApplicationContext.reapply(Lorg/gradle/configuration/internal/UserCodeApplicationId;Ljava/lang/Runnable;)V+19
j  org.gradle.configuration.internal.DefaultListenerBuildOperationDecorator$BuildOperationEmittingAction$1.run(Lorg/gradle/internal/operations/BuildOperationContext;)V+25
J 4049 C1 org.gradle.internal.operations.DefaultBuildOperationExecutor$RunnableBuildOperationWorker.execute(Lorg/gradle/internal/operations/BuildOperation;Lorg/gradle/internal/operations/BuildOperationContext;)V (10 bytes) @ 0x0000000003ac2c64 [0x0000000003ac2a00+0x264]
j  org.gradle.internal.operations.DefaultBuildOperationExecutor$1.execute(Lorg/gradle/internal/operations/BuildOperationDescriptor;Lorg/gradle/internal/operations/DefaultBuildOperationExecutor$DefaultBuildOperationContext;Lorg/gradle/internal/operations/DefaultBuildOperationExecutor$BuildOperationExecutionListener;)Lorg/gradle/internal/operations/BuildOperation;+18
J 4091 C1 org.gradle.internal.operations.DefaultBuildOperationExecutor.execute(Lorg/gradle/internal/operations/BuildOperationDescriptor$Builder;Lorg/gradle/internal/operations/DefaultBuildOperationExecutor$BuildOperationState;Lorg/gradle/internal/operations/DefaultBuildOperationExecutor$BuildOperationExecution;)Lorg/gradle/internal/operations/BuildOperation; (111 bytes) @ 0x000000000338bb2c [0x000000000338abc0+0xf6c]
J 3972 C1 org.gradle.internal.operations.DefaultBuildOperationExecutor.execute(Lorg/gradle/internal/operations/BuildOperation;Lorg/gradle/internal/operations/BuildOperationWorker;Lorg/gradle/internal/operations/DefaultBuildOperationExecutor$BuildOperationState;)V (27 bytes) @ 0x0000000003a91414 [0x0000000003a911a0+0x274]
j  org.gradle.internal.operations.DefaultBuildOperationExecutor.run(Lorg/gradle/internal/operations/RunnableBuildOperation;)V+10
j  org.gradle.configuration.internal.DefaultListenerBuildOperationDecorator$BuildOperationEmittingAction.execute(Ljava/lang/Object;)V+24
j  org.gradle.internal.event.BroadcastDispatch$ActionInvocationHandler.dispatch(Lorg/gradle/internal/dispatch/MethodInvocation;)V+27
j  org.gradle.internal.event.BroadcastDispatch$ActionInvocationHandler.dispatch(Ljava/lang/Object;)V+5
j  org.gradle.internal.event.AbstractBroadcastDispatch.dispatch(Lorg/gradle/internal/dispatch/MethodInvocation;Lorg/gradle/internal/dispatch/Dispatch;)V+2
J 1594 C1 org.gradle.internal.event.BroadcastDispatch$SingletonDispatch.dispatch(Ljava/lang/Object;)V (9 bytes) @ 0x0000000002f4ad34 [0x0000000002f4ab00+0x234]
j  org.gradle.internal.event.AbstractBroadcastDispatch.dispatch(Lorg/gradle/internal/dispatch/MethodInvocation;Ljava/util/Iterator;)V+25
j  org.gradle.internal.event.BroadcastDispatch$CompositeDispatch.dispatch(Lorg/gradle/internal/dispatch/MethodInvocation;)V+11
j  org.gradle.internal.event.BroadcastDispatch$CompositeDispatch.dispatch(Ljava/lang/Object;)V+5
j  org.gradle.internal.event.ListenerBroadcast.dispatch(Lorg/gradle/internal/dispatch/MethodInvocation;)V+5
j  org.gradle.internal.event.ListenerBroadcast.dispatch(Ljava/lang/Object;)V+5
j  org.gradle.internal.dispatch.ProxyDispatchAdapter$DispatchingInvocationHandler.invoke(Ljava/lang/Object;Ljava/lang/reflect/Method;[Ljava/lang/Object;)Ljava/lang/Object;+177
j  com.sun.proxy.$Proxy26.afterEvaluate(Lorg/gradle/api/Project;Lorg/gradle/api/ProjectState;)V+20
j  org.gradle.configuration.project.LifecycleProjectEvaluator$NotifyAfterEvaluate$1.execute(Lorg/gradle/api/ProjectEvaluationListener;)V+15
j  org.gradle.configuration.project.LifecycleProjectEvaluator$NotifyAfterEvaluate$1.execute(Ljava/lang/Object;)V+5
j  org.gradle.api.internal.project.DefaultProject.stepEvaluationListener(Lorg/gradle/api/ProjectEvaluationListener;Lorg/gradle/api/Action;)Lorg/gradle/api/ProjectEvaluationListener;+19
j  org.gradle.configuration.project.LifecycleProjectEvaluator$NotifyAfterEvaluate.run(Lorg/gradle/internal/operations/BuildOperationContext;)V+25
J 4049 C1 org.gradle.internal.operations.DefaultBuildOperationExecutor$RunnableBuildOperationWorker.execute(Lorg/gradle/internal/operations/BuildOperation;Lorg/gradle/internal/operations/BuildOperationContext;)V (10 bytes) @ 0x0000000003ac2c64 [0x0000000003ac2a00+0x264]
j  org.gradle.internal.operations.DefaultBuildOperationExecutor$1.execute(Lorg/gradle/internal/operations/BuildOperationDescriptor;Lorg/gradle/internal/operations/DefaultBuildOperationExecutor$DefaultBuildOperationContext;Lorg/gradle/internal/operations/DefaultBuildOperationExecutor$BuildOperationExecutionListener;)Lorg/gradle/internal/operations/BuildOperation;+18
j  org.gradle.internal.operations.DefaultBuildOperationExecutor.execute(Lorg/gradle/internal/operations/BuildOperationDescriptor$Builder;Lorg/gradle/internal/operations/DefaultBuildOperationExecutor$BuildOperationState;Lorg/gradle/internal/operations/DefaultBuildOperationExecutor$BuildOperationExecution;)Lorg/gradle/internal/operations/BuildOperation;+105
J 3972 C1 org.gradle.internal.operations.DefaultBuildOperationExecutor.execute(Lorg/gradle/internal/operations/BuildOperation;Lorg/gradle/internal/operations/BuildOperationWorker;Lorg/gradle/internal/operations/DefaultBuildOperationExecutor$BuildOperationState;)V (27 bytes) @ 0x0000000003a91414 [0x0000000003a911a0+0x274]
j  org.gradle.internal.operations.DefaultBuildOperationExecutor.run(Lorg/gradle/internal/operations/RunnableBuildOperation;)V+10
j  org.gradle.internal.operations.DelegatingBuildOperationExecutor.run(Lorg/gradle/internal/operations/RunnableBuildOperation;)V+5
j  org.gradle.configuration.project.LifecycleProjectEvaluator$EvaluateProject$1.run()V+141
j  org.gradle.internal.Factories$1.create()Ljava/lang/Object;+4
j  org.gradle.internal.work.DefaultWorkerLeaseService.withLocks(Ljava/lang/Iterable;Lorg/gradle/internal/Factory;)Ljava/lang/Object;+26
j  org.gradle.internal.work.StopShieldingWorkerLeaseService.withLocks(Ljava/lang/Iterable;Lorg/gradle/internal/Factory;)Ljava/lang/Object;+6
j  org.gradle.api.internal.project.DefaultProjectStateRegistry$ProjectStateImpl.withProjectLock(Lorg/gradle/internal/resources/ResourceLock;Lorg/gradle/internal/Factory;)Ljava/lang/Object;+12
j  org.gradle.api.internal.project.DefaultProjectStateRegistry$ProjectStateImpl.withMutableState(Lorg/gradle/internal/Factory;)Ljava/lang/Object;+134
j  org.gradle.api.internal.project.DefaultProjectStateRegistry$ProjectStateImpl.withMutableState(Ljava/lang/Runnable;)V+5
j  org.gradle.configuration.project.LifecycleProjectEvaluator$EvaluateProject.run(Lorg/gradle/internal/operations/BuildOperationContext;)V+18
j  org.gradle.internal.operations.DefaultBuildOperationExecutor$RunnableBuildOperationWorker.execute(Lorg/gradle/internal/operations/RunnableBuildOperation;Lorg/gradle/internal/operations/BuildOperationContext;)V+2
j  org.gradle.internal.operations.DefaultBuildOperationExecutor$RunnableBuildOperationWorker.execute(Lorg/gradle/internal/operations/BuildOperation;Lorg/gradle/internal/operations/BuildOperationContext;)V+6
j  org.gradle.internal.operations.DefaultBuildOperationExecutor$1.execute(Lorg/gradle/internal/operations/BuildOperationDescriptor;Lorg/gradle/internal/operations/DefaultBuildOperationExecutor$DefaultBuildOperationContext;Lorg/gradle/internal/operations/DefaultBuildOperationExecutor$BuildOperationExecutionListener;)Lorg/gradle/internal/operations/BuildOperation;+18
j  org.gradle.internal.operations.DefaultBuildOperationExecutor.execute(Lorg/gradle/internal/operations/BuildOperationDescriptor$Builder;Lorg/gradle/internal/operations/DefaultBuildOperationExecutor$BuildOperationState;Lorg/gradle/internal/operations/DefaultBuildOperationExecutor$BuildOperationExecution;)Lorg/gradle/internal/operations/BuildOperation;+105
j  org.gradle.internal.operations.DefaultBuildOperationExecutor.execute(Lorg/gradle/internal/operations/BuildOperation;Lorg/gradle/internal/operations/BuildOperationWorker;Lorg/gradle/internal/operations/DefaultBuildOperationExecutor$BuildOperationState;)V+22
j  org.gradle.internal.operations.DefaultBuildOperationExecutor.run(Lorg/gradle/internal/operations/RunnableBuildOperation;)V+10
j  org.gradle.internal.operations.DelegatingBuildOperationExecutor.run(Lorg/gradle/internal/operations/RunnableBuildOperation;)V+5
j  org.gradle.configuration.project.LifecycleProjectEvaluator.evaluate(Lorg/gradle/api/internal/project/ProjectInternal;Lorg/gradle/api/internal/project/ProjectStateInternal;)V+22
j  org.gradle.api.internal.project.DefaultProject.evaluate()Lorg/gradle/api/internal/project/DefaultProject;+9
j  org.gradle.api.internal.project.DefaultProject.evaluate()Lorg/gradle/api/Project;+1
j  org.gradle.execution.TaskPathProjectEvaluator.configure(Lorg/gradle/api/internal/project/ProjectInternal;)V+21
j  org.gradle.execution.TaskPathProjectEvaluator.configureHierarchy(Lorg/gradle/api/internal/project/ProjectInternal;)V+41
j  org.gradle.configuration.DefaultBuildConfigurer.configure(Lorg/gradle/api/internal/GradleInternal;)V+63
j  org.gradle.initialization.DefaultGradleLauncher$ConfigureBuild.run(Lorg/gradle/internal/operations/BuildOperationContext;)V+40
j  org.gradle.internal.operations.DefaultBuildOperationExecutor$RunnableBuildOperationWorker.execute(Lorg/gradle/internal/operations/RunnableBuildOperation;Lorg/gradle/internal/operations/BuildOperationContext;)V+2
j  org.gradle.internal.operations.DefaultBuildOperationExecutor$RunnableBuildOperationWorker.execute(Lorg/gradle/internal/operations/BuildOperation;Lorg/gradle/internal/operations/BuildOperationContext;)V+6
j  org.gradle.internal.operations.DefaultBuildOperationExecutor$1.execute(Lorg/gradle/internal/operations/BuildOperationDescriptor;Lorg/gradle/internal/operations/DefaultBuildOperationExecutor$DefaultBuildOperationContext;Lorg/gradle/internal/operations/DefaultBuildOperationExecutor$BuildOperationExecutionListener;)Lorg/gradle/internal/operations/BuildOperation;+18
j  org.gradle.internal.operations.DefaultBuildOperationExecutor.execute(Lorg/gradle/internal/operations/BuildOperationDescriptor$Builder;Lorg/gradle/internal/operations/DefaultBuildOperationExecutor$BuildOperationState;Lorg/gradle/internal/operations/DefaultBuildOperationExecutor$BuildOperationExecution;)Lorg/gradle/internal/operations/BuildOperation;+105
j  org.gradle.internal.operations.DefaultBuildOperationExecutor.execute(Lorg/gradle/internal/operations/BuildOperation;Lorg/gradle/internal/operations/BuildOperationWorker;Lorg/gradle/internal/operations/DefaultBuildOperationExecutor$BuildOperationState;)V+22
j  org.gradle.internal.operations.DefaultBuildOperationExecutor.run(Lorg/gradle/internal/operations/RunnableBuildOperation;)V+10
j  org.gradle.internal.operations.DelegatingBuildOperationExecutor.run(Lorg/gradle/internal/operations/RunnableBuildOperation;)V+5
j  org.gradle.initialization.DefaultGradleLauncher.configureBuild()V+23
j  org.gradle.initialization.DefaultGradleLauncher.doBuildStages(Lorg/gradle/initialization/DefaultGradleLauncher$Stage;)V+13
j  org.gradle.initialization.DefaultGradleLauncher.executeTasks()Lorg/gradle/api/internal/GradleInternal;+4
j  org.gradle.internal.invocation.GradleBuildController$1.execute(Lorg/gradle/initialization/GradleLauncher;)V+1
j  org.gradle.internal.invocation.GradleBuildController$1.execute(Ljava/lang/Object;)V+5
j  org.gradle.internal.invocation.GradleBuildController$3.create()Lorg/gradle/api/internal/GradleInternal;+31
j  org.gradle.internal.invocation.GradleBuildController$3.create()Ljava/lang/Object;+1
j  org.gradle.internal.work.DefaultWorkerLeaseService.withLocks(Ljava/lang/Iterable;Lorg/gradle/internal/Factory;)Ljava/lang/Object;+26
j  org.gradle.internal.work.StopShieldingWorkerLeaseService.withLocks(Ljava/lang/Iterable;Lorg/gradle/internal/Factory;)Ljava/lang/Object;+6
j  org.gradle.internal.invocation.GradleBuildController.doBuild(Lorg/gradle/api/internal/GradleInternal$BuildType;Lorg/gradle/api/Action;)Lorg/gradle/api/internal/GradleInternal;+26
j  org.gradle.internal.invocation.GradleBuildController.run()Lorg/gradle/api/internal/GradleInternal;+12
j  org.gradle.tooling.internal.provider.runner.BuildModelActionRunner.run(Lorg/gradle/internal/invocation/BuildAction;Lorg/gradle/internal/invocation/BuildController;)Lorg/gradle/internal/invocation/BuildActionRunner$Result;+78
j  org.gradle.launcher.exec.ChainingBuildActionRunner.run(Lorg/gradle/internal/invocation/BuildAction;Lorg/gradle/internal/invocation/BuildController;)Lorg/gradle/internal/invocation/BuildActionRunner$Result;+34
j  org.gradle.launcher.exec.ChainingBuildActionRunner.run(Lorg/gradle/internal/invocation/BuildAction;Lorg/gradle/internal/invocation/BuildController;)Lorg/gradle/internal/invocation/BuildActionRunner$Result;+34
j  org.gradle.launcher.exec.BuildOutcomeReportingBuildActionRunner.run(Lorg/gradle/internal/invocation/BuildAction;Lorg/gradle/internal/invocation/BuildController;)Lorg/gradle/internal/invocation/BuildActionRunner$Result;+143
j  org.gradle.tooling.internal.provider.ValidatingBuildActionRunner.run(Lorg/gradle/internal/invocation/BuildAction;Lorg/gradle/internal/invocation/BuildController;)Lorg/gradle/internal/invocation/BuildActionRunner$Result;+6
j  org.gradle.launcher.exec.BuildCompletionNotifyingBuildActionRunner.run(Lorg/gradle/internal/invocation/BuildAction;Lorg/gradle/internal/invocation/BuildController;)Lorg/gradle/internal/invocation/BuildActionRunner$Result;+28
j  org.gradle.launcher.exec.RunAsBuildOperationBuildActionRunner$3.call(Lorg/gradle/internal/operations/BuildOperationContext;)Lorg/gradle/internal/invocation/BuildActionRunner$Result;+95
j  org.gradle.launcher.exec.RunAsBuildOperationBuildActionRunner$3.call(Lorg/gradle/internal/operations/BuildOperationContext;)Ljava/lang/Object;+2
j  org.gradle.internal.operations.DefaultBuildOperationExecutor$CallableBuildOperationWorker.execute(Lorg/gradle/internal/operations/CallableBuildOperation;Lorg/gradle/internal/operations/BuildOperationContext;)V+3
j  org.gradle.internal.operations.DefaultBuildOperationExecutor$CallableBuildOperationWorker.execute(Lorg/gradle/internal/operations/BuildOperation;Lorg/gradle/internal/operations/BuildOperationContext;)V+6
j  org.gradle.internal.operations.DefaultBuildOperationExecutor$1.execute(Lorg/gradle/internal/operations/BuildOperationDescriptor;Lorg/gradle/internal/operations/DefaultBuildOperationExecutor$DefaultBuildOperationContext;Lorg/gradle/internal/operations/DefaultBuildOperationExecutor$BuildOperationExecutionListener;)Lorg/gradle/internal/operations/BuildOperation;+18
j  org.gradle.internal.operations.DefaultBuildOperationExecutor.execute(Lorg/gradle/internal/operations/BuildOperationDescriptor$Builder;Lorg/gradle/internal/operations/DefaultBuildOperationExecutor$BuildOperationState;Lorg/gradle/internal/operations/DefaultBuildOperationExecutor$BuildOperationExecution;)Lorg/gradle/internal/operations/BuildOperation;+105
j  org.gradle.internal.operations.DefaultBuildOperationExecutor.execute(Lorg/gradle/internal/operations/BuildOperation;Lorg/gradle/internal/operations/BuildOperationWorker;Lorg/gradle/internal/operations/DefaultBuildOperationExecutor$BuildOperationState;)V+22
j  org.gradle.internal.operations.DefaultBuildOperationExecutor.call(Lorg/gradle/internal/operations/CallableBuildOperation;)Ljava/lang/Object;+16
j  org.gradle.internal.operations.DelegatingBuildOperationExecutor.call(Lorg/gradle/internal/operations/CallableBuildOperation;)Ljava/lang/Object;+5
j  org.gradle.launcher.exec.RunAsBuildOperationBuildActionRunner.run(Lorg/gradle/internal/invocation/BuildAction;Lorg/gradle/internal/invocation/BuildController;)Lorg/gradle/internal/invocation/BuildActionRunner$Result;+33
j  org.gradle.launcher.exec.InProcessBuildActionExecuter$1.transform(Lorg/gradle/internal/invocation/BuildController;)Lorg/gradle/launcher/exec/BuildActionResult;+12
j  org.gradle.launcher.exec.InProcessBuildActionExecuter$1.transform(Ljava/lang/Object;)Ljava/lang/Object;+5
j  org.gradle.composite.internal.DefaultRootBuildState.run(Lorg/gradle/api/Transformer;)Ljava/lang/Object;+35
j  org.gradle.launcher.exec.InProcessBuildActionExecuter.execute(Lorg/gradle/internal/invocation/BuildAction;Lorg/gradle/initialization/BuildRequestContext;Lorg/gradle/launcher/exec/BuildActionParameters;Lorg/gradle/internal/service/ServiceRegistry;)Lorg/gradle/launcher/exec/BuildActionResult;+82
j  org.gradle.launcher.exec.InProcessBuildActionExecuter.execute(Lorg/gradle/internal/invocation/BuildAction;Lorg/gradle/initialization/BuildRequestContext;Ljava/lang/Object;Lorg/gradle/internal/service/ServiceRegistry;)Lorg/gradle/launcher/exec/BuildActionResult;+9
j  org.gradle.launcher.exec.BuildTreeScopeBuildActionExecuter.execute(Lorg/gradle/internal/invocation/BuildAction;Lorg/gradle/initialization/BuildRequestContext;Lorg/gradle/launcher/exec/BuildActionParameters;Lorg/gradle/internal/service/ServiceRegistry;)Lorg/gradle/launcher/exec/BuildActionResult;+38
j  org.gradle.launcher.exec.BuildTreeScopeBuildActionExecuter.execute(Lorg/gradle/internal/invocation/BuildAction;Lorg/gradle/initialization/BuildRequestContext;Ljava/lang/Object;Lorg/gradle/internal/service/ServiceRegistry;)Lorg/gradle/launcher/exec/BuildActionResult;+9
j  org.gradle.tooling.internal.provider.ContinuousBuildActionExecuter.execute(Lorg/gradle/internal/invocation/BuildAction;Lorg/gradle/initialization/BuildRequestContext;Lorg/gradle/launcher/exec/BuildActionParameters;Lorg/gradle/internal/service/ServiceRegistry;)Lorg/gradle/launcher/exec/BuildActionResult;+58
j  org.gradle.tooling.internal.provider.ContinuousBuildActionExecuter.execute(Lorg/gradle/internal/invocation/BuildAction;Lorg/gradle/initialization/BuildRequestContext;Ljava/lang/Object;Lorg/gradle/internal/service/ServiceRegistry;)Lorg/gradle/launcher/exec/BuildActionResult;+9
j  org.gradle.tooling.internal.provider.SubscribableBuildActionExecuter.execute(Lorg/gradle/internal/invocation/BuildAction;Lorg/gradle/initialization/BuildRequestContext;Lorg/gradle/launcher/exec/BuildActionParameters;Lorg/gradle/internal/service/ServiceRegistry;)Lorg/gradle/launcher/exec/BuildActionResult;+45
j  org.gradle.tooling.internal.provider.SubscribableBuildActionExecuter.execute(Lorg/gradle/internal/invocation/BuildAction;Lorg/gradle/initialization/BuildRequestContext;Ljava/lang/Object;Lorg/gradle/internal/service/ServiceRegistry;)Lorg/gradle/launcher/exec/BuildActionResult;+9
j  org.gradle.tooling.internal.provider.SessionScopeBuildActionExecuter.execute(Lorg/gradle/internal/invocation/BuildAction;Lorg/gradle/initialization/BuildRequestContext;Lorg/gradle/launcher/exec/BuildActionParameters;Lorg/gradle/internal/service/ServiceRegistry;)Lorg/gradle/launcher/exec/BuildActionResult;+117
j  org.gradle.tooling.internal.provider.SessionScopeBuildActionExecuter.execute(Lorg/gradle/internal/invocation/BuildAction;Lorg/gradle/initialization/BuildRequestContext;Ljava/lang/Object;Lorg/gradle/internal/service/ServiceRegistry;)Lorg/gradle/launcher/exec/BuildActionResult;+9
j  org.gradle.tooling.internal.provider.GradleThreadBuildActionExecuter.execute(Lorg/gradle/internal/invocation/BuildAction;Lorg/gradle/initialization/BuildRequestContext;Lorg/gradle/launcher/exec/BuildActionParameters;Lorg/gradle/internal/service/ServiceRegistry;)Lorg/gradle/launcher/exec/BuildActionResult;+12
j  org.gradle.tooling.internal.provider.GradleThreadBuildActionExecuter.execute(Lorg/gradle/internal/invocation/BuildAction;Lorg/gradle/initialization/BuildRequestContext;Ljava/lang/Object;Lorg/gradle/internal/service/ServiceRegistry;)Lorg/gradle/launcher/exec/BuildActionResult;+9
j  org.gradle.tooling.internal.provider.ParallelismConfigurationBuildActionExecuter.execute(Lorg/gradle/internal/invocation/BuildAction;Lorg/gradle/initialization/BuildRequestContext;Lorg/gradle/launcher/exec/BuildActionParameters;Lorg/gradle/internal/service/ServiceRegistry;)Lorg/gradle/launcher/exec/BuildActionResult;+43
j  org.gradle.tooling.internal.provider.ParallelismConfigurationBuildActionExecuter.execute(Lorg/gradle/internal/invocation/BuildAction;Lorg/gradle/initialization/BuildRequestContext;Ljava/lang/Object;Lorg/gradle/internal/service/ServiceRegistry;)Lorg/gradle/launcher/exec/BuildActionResult;+9
j  org.gradle.tooling.internal.provider.StartParamsValidatingActionExecuter.execute(Lorg/gradle/internal/invocation/BuildAction;Lorg/gradle/initialization/BuildRequestContext;Lorg/gradle/launcher/exec/BuildActionParameters;Lorg/gradle/internal/service/ServiceRegistry;)Lorg/gradle/launcher/exec/BuildActionResult;+177
j  org.gradle.tooling.internal.provider.StartParamsValidatingActionExecuter.execute(Lorg/gradle/internal/invocation/BuildAction;Lorg/gradle/initialization/BuildRequestContext;Ljava/lang/Object;Lorg/gradle/internal/service/ServiceRegistry;)Lorg/gradle/launcher/exec/BuildActionResult;+9
j  org.gradle.tooling.internal.provider.SessionFailureReportingActionExecuter.execute(Lorg/gradle/internal/invocation/BuildAction;Lorg/gradle/initialization/BuildRequestContext;Lorg/gradle/launcher/exec/BuildActionParameters;Lorg/gradle/internal/service/ServiceRegistry;)Lorg/gradle/launcher/exec/BuildActionResult;+9
j  org.gradle.tooling.internal.provider.SessionFailureReportingActionExecuter.execute(Lorg/gradle/internal/invocation/BuildAction;Lorg/gradle/initialization/BuildRequestContext;Ljava/lang/Object;Lorg/gradle/internal/service/ServiceRegistry;)Lorg/gradle/launcher/exec/BuildActionResult;+9
j  org.gradle.tooling.internal.provider.SetupLoggingActionExecuter.execute(Lorg/gradle/internal/invocation/BuildAction;Lorg/gradle/initialization/BuildRequestContext;Lorg/gradle/launcher/exec/BuildActionParameters;Lorg/gradle/internal/service/ServiceRegistry;)Lorg/gradle/launcher/exec/BuildActionResult;+52
j  org.gradle.tooling.internal.provider.SetupLoggingActionExecuter.execute(Lorg/gradle/internal/invocation/BuildAction;Lorg/gradle/initialization/BuildRequestContext;Ljava/lang/Object;Lorg/gradle/internal/service/ServiceRegistry;)Lorg/gradle/launcher/exec/BuildActionResult;+9
j  org.gradle.launcher.daemon.server.exec.ExecuteBuild.doBuild(Lorg/gradle/launcher/daemon/server/api/DaemonCommandExecution;Lorg/gradle/launcher/daemon/protocol/Build;)V+118
j  org.gradle.launcher.daemon.server.exec.BuildCommandOnly.execute(Lorg/gradle/launcher/daemon/server/api/DaemonCommandExecution;)V+49
j  org.gradle.launcher.daemon.server.api.DaemonCommandExecution.proceed()Z+28
j  org.gradle.launcher.daemon.server.exec.WatchForDisconnection.execute(Lorg/gradle/launcher/daemon/server/api/DaemonCommandExecution;)V+19
j  org.gradle.launcher.daemon.server.api.DaemonCommandExecution.proceed()Z+28
j  org.gradle.launcher.daemon.server.exec.ResetDeprecationLogger.execute(Lorg/gradle/launcher/daemon/server/api/DaemonCommandExecution;)V+4
j  org.gradle.launcher.daemon.server.api.DaemonCommandExecution.proceed()Z+28
j  org.gradle.launcher.daemon.server.exec.RequestStopIfSingleUsedDaemon.execute(Lorg/gradle/launcher/daemon/server/api/DaemonCommandExecution;)V+33
j  org.gradle.launcher.daemon.server.api.DaemonCommandExecution.proceed()Z+28
j  org.gradle.launcher.daemon.server.exec.ForwardClientInput$2.call()Ljava/lang/Void;+4
j  org.gradle.launcher.daemon.server.exec.ForwardClientInput$2.call()Ljava/lang/Object;+1
j  org.gradle.util.Swapper.swap(Ljava/lang/Object;Ljava/util/concurrent/Callable;)Ljava/lang/Object;+21
j  org.gradle.launcher.daemon.server.exec.ForwardClientInput.execute(Lorg/gradle/launcher/daemon/server/api/DaemonCommandExecution;)V+63
j  org.gradle.launcher.daemon.server.api.DaemonCommandExecution.proceed()Z+28
j  org.gradle.launcher.daemon.server.exec.LogAndCheckHealth.execute(Lorg/gradle/launcher/daemon/server/api/DaemonCommandExecution;)V+28
j  org.gradle.launcher.daemon.server.api.DaemonCommandExecution.proceed()Z+28
j  org.gradle.launcher.daemon.server.exec.LogToClient.doBuild(Lorg/gradle/launcher/daemon/server/api/DaemonCommandExecution;Lorg/gradle/launcher/daemon/protocol/Build;)V+87
j  org.gradle.launcher.daemon.server.exec.BuildCommandOnly.execute(Lorg/gradle/launcher/daemon/server/api/DaemonCommandExecution;)V+49
j  org.gradle.launcher.daemon.server.api.DaemonCommandExecution.proceed()Z+28
j  org.gradle.launcher.daemon.server.exec.EstablishBuildEnvironment.doBuild(Lorg/gradle/launcher/daemon/server/api/DaemonCommandExecution;Lorg/gradle/launcher/daemon/protocol/Build;)V+351
j  org.gradle.launcher.daemon.server.exec.BuildCommandOnly.execute(Lorg/gradle/launcher/daemon/server/api/DaemonCommandExecution;)V+49
j  org.gradle.launcher.daemon.server.api.DaemonCommandExecution.proceed()Z+28
j  org.gradle.launcher.daemon.server.exec.StartBuildOrRespondWithBusy$1.run()V+44
j  org.gradle.launcher.daemon.server.DaemonStateCoordinator$1.run()V+4
j  org.gradle.internal.concurrent.ExecutorPolicy$CatchAndRecordFailures.onExecute(Ljava/lang/Runnable;)V+1
j  org.gradle.internal.concurrent.ManagedExecutorImpl$1.run()V+25
j  java.util.concurrent.ThreadPoolExecutor.runWorker(Ljava/util/concurrent/ThreadPoolExecutor$Worker;)V+95
j  java.util.concurrent.ThreadPoolExecutor$Worker.run()V+5
j  org.gradle.internal.concurrent.ThreadFactoryImpl$ManagedThreadRunnable.run()V+7
j  java.lang.Thread.run()V+11
v  ~StubRoutines::call_stub

---------------  P R O C E S S  ---------------

Java Threads: ( => current thread )
  0x000000001cdde800 JavaThread "Cache worker for Build Output Cleanup Cache (C:\Users\marcelo.couto\AndroidStudioProjects\Trabalho02\.gradle\buildOutputCleanup)" [_thread_blocked, id=8864, stack(0x0000000022c70000,0x0000000022d70000)]
  0x000000001cdd7000 JavaThread "pool-1-thread-1" [_thread_blocked, id=10600, stack(0x0000000022630000,0x0000000022730000)]
  0x000000001cddb000 JavaThread "Build operations Thread 4" [_thread_blocked, id=12628, stack(0x0000000022130000,0x0000000022230000)]
  0x000000001cddb800 JavaThread "Build operations Thread 3" [_thread_blocked, id=10184, stack(0x0000000020d70000,0x0000000020e70000)]
  0x000000001cddc800 JavaThread "Build operations Thread 2" [_thread_blocked, id=9648, stack(0x0000000020c70000,0x0000000020d70000)]
  0x000000001cdda000 JavaThread "Build operations" [_thread_blocked, id=8020, stack(0x0000000020b70000,0x0000000020c70000)]
  0x000000001cddd000 JavaThread "Cache worker for execution history cache (C:\Users\marcelo.couto\.gradle\caches\5.4.1\executionHistory)" [_thread_blocked, id=11868, stack(0x0000000020750000,0x0000000020850000)]
  0x000000001cdde000 JavaThread "Cache worker for cache directory md-rule (C:\Users\marcelo.couto\.gradle\caches\5.4.1\md-rule)" [_thread_blocked, id=12500, stack(0x0000000020450000,0x0000000020550000)]
  0x00000000194d0800 JavaThread "Cache worker for cache directory md-supplier (C:\Users\marcelo.couto\.gradle\caches\5.4.1\md-supplier)" [_thread_blocked, id=8460, stack(0x000000001f0c0000,0x000000001f1c0000)]
  0x00000000194d2000 JavaThread "Cache worker for file hash cache (C:\Users\marcelo.couto\AndroidStudioProjects\Trabalho02\.gradle\5.4.1\fileHashes)" [_thread_blocked, id=8364, stack(0x000000001e9c0000,0x000000001eac0000)]
  0x00000000194d1800 JavaThread "Cache worker for journal cache (C:\Users\marcelo.couto\.gradle\caches\journal-1)" [_thread_blocked, id=7860, stack(0x000000001c380000,0x000000001c480000)]
  0x00000000194d4800 JavaThread "File lock request listener" [_thread_in_native, id=1248, stack(0x000000001c280000,0x000000001c380000)]
  0x00000000188a3000 JavaThread "Cache worker for file hash cache (C:\Users\marcelo.couto\.gradle\caches\5.4.1\fileHashes)" [_thread_blocked, id=11160, stack(0x000000001c180000,0x000000001c280000)]
  0x0000000019dec800 JavaThread "Thread-9" [_thread_in_Java, id=6744, stack(0x000000001b0b0000,0x000000001b1b0000)]
  0x0000000019e3e000 JavaThread "Stdin handler" [_thread_blocked, id=9488, stack(0x000000001afb0000,0x000000001b0b0000)]
  0x0000000019dfc000 JavaThread "Asynchronous log dispatcher for DefaultDaemonConnection: socket connection from /127.0.0.1:51049 to /127.0.0.1:51050" [_thread_blocked, id=9984, stack(0x000000001aeb0000,0x000000001afb0000)]
=>0x0000000019e1e800 JavaThread "Daemon worker" [_thread_in_vm, id=9460, stack(0x000000001adb0000,0x000000001aeb0000)]
  0x0000000019e43000 JavaThread "Cancel handler" [_thread_blocked, id=11372, stack(0x000000001acb0000,0x000000001adb0000)]
  0x00000000188b4800 JavaThread "Handler for socket connection from /127.0.0.1:51049 to /127.0.0.1:51050" [_thread_in_native, id=12876, stack(0x000000001a9b0000,0x000000001aab0000)]
  0x0000000018dca800 JavaThread "Daemon" [_thread_blocked, id=10972, stack(0x000000001a8b0000,0x000000001a9b0000)]
  0x000000001888c000 JavaThread "Daemon periodic checks" [_thread_blocked, id=1324, stack(0x000000001a7b0000,0x000000001a8b0000)]
  0x0000000018889800 JavaThread "Incoming local TCP Connector on port 51049" [_thread_in_native, id=3876, stack(0x000000001a550000,0x000000001a650000)]
  0x00000000193dd000 JavaThread "Daemon health stats" [_thread_blocked, id=9096, stack(0x0000000019f10000,0x000000001a010000)]
  0x0000000017f4f000 JavaThread "Service Thread" daemon [_thread_blocked, id=9820, stack(0x0000000018540000,0x0000000018640000)]
  0x0000000017f41000 JavaThread "C1 CompilerThread2" daemon [_thread_blocked, id=11872, stack(0x0000000018440000,0x0000000018540000)]
  0x000000001680a800 JavaThread "C2 CompilerThread1" daemon [_thread_in_native, id=4092, stack(0x0000000018340000,0x0000000018440000)]
  0x00000000167b0800 JavaThread "C2 CompilerThread0" daemon [_thread_in_native, id=10424, stack(0x0000000017e40000,0x0000000017f40000)]
  0x00000000167af000 JavaThread "Attach Listener" daemon [_thread_blocked, id=11720, stack(0x0000000017d40000,0x0000000017e40000)]
  0x00000000167ad800 JavaThread "Signal Dispatcher" daemon [_thread_blocked, id=2924, stack(0x0000000017c40000,0x0000000017d40000)]
  0x0000000002d45000 JavaThread "Finalizer" daemon [_thread_blocked, id=11644, stack(0x0000000017a30000,0x0000000017b30000)]
  0x0000000016799000 JavaThread "Reference Handler" daemon [_thread_blocked, id=11812, stack(0x0000000017930000,0x0000000017a30000)]
  0x0000000002dde000 JavaThread "main" [_thread_blocked, id=11884, stack(0x0000000001380000,0x0000000001480000)]

Other Threads:
  0x0000000016777000 VMThread [stack: 0x0000000017830000,0x0000000017930000] [id=12692]
  0x0000000017f43800 WatcherThread [stack: 0x0000000018640000,0x0000000018740000] [id=3880]

VM state:not at safepoint (normal execution)

VM Mutex/Monitor currently owned by a thread: None

heap address: 0x00000000a0000000, size: 1536 MB, Compressed Oops mode: 32-bit
Narrow klass base: 0x0000000000000000, Narrow klass shift: 3
Compressed class space size: 1073741824 Address: 0x0000000100000000

Heap:
 PSYoungGen      total 153600K, used 64261K [0x00000000e0000000, 0x00000000eb600000, 0x0000000100000000)
  eden space 141312K, 36% used [0x00000000e0000000,0x00000000e32c88a8,0x00000000e8a00000)
  from space 12288K, 99% used [0x00000000eaa00000,0x00000000eb5f8d48,0x00000000eb600000)
  to   space 14336K, 0% used [0x00000000e9a00000,0x00000000e9a00000,0x00000000ea800000)
 ParOldGen       total 85504K, used 20348K [0x00000000a0000000, 0x00000000a5380000, 0x00000000e0000000)
  object space 85504K, 23% used [0x00000000a0000000,0x00000000a13df3c8,0x00000000a5380000)
 Metaspace       used 49584K, capacity 50830K, committed 51032K, reserved 1093632K
  class space    used 6667K, capacity 6986K, committed 7000K, reserved 1048576K

Card table byte_map: [0x0000000012200000,0x0000000012510000] byte_map_base: 0x0000000011d00000

Marking Bits: (ParMarkBitMap*) 0x00000000774f9f30
 Begin Bits: [0x0000000012b10000, 0x0000000014310000)
 End Bits:   [0x0000000014310000, 0x0000000015b10000)

Polling page: 0x0000000001480000

CodeCache: size=245760Kb used=13526Kb max_used=13526Kb free=232233Kb
 bounds [0x0000000002e40000, 0x0000000003b80000, 0x0000000011e40000]
 total_blobs=4751 nmethods=3987 adapters=677
 compilation: enabled

Compilation events (10 events):
Event: 11.450 Thread 0x0000000017f41000 4344       3       kotlin.text.StringsKt__StringsJVMKt::startsWith$default (15 bytes)
Event: 11.451 Thread 0x0000000017f41000 nmethod 4344 0x0000000003b7a450 code [0x0000000003b7a5c0, 0x0000000003b7a768]
Event: 11.451 Thread 0x0000000017f41000 4345       3       kotlin.text.StringsKt__StringsJVMKt::startsWith (36 bytes)
Event: 11.451 Thread 0x0000000017f41000 nmethod 4345 0x0000000003b7a810 code [0x0000000003b7a9c0, 0x0000000003b7afd8]
Event: 11.476 Thread 0x0000000017f41000 4347       3       java.io.FilterInputStream::read (11 bytes)
Event: 11.476 Thread 0x0000000017f41000 nmethod 4347 0x0000000003b7b250 code [0x0000000003b7b3c0, 0x0000000003b7b5e8]
Event: 11.487 Thread 0x0000000017f41000 4348       3       kotlin.reflect.jvm.internal.ReflectProperties::lazySoft (10 bytes)
Event: 11.487 Thread 0x0000000017f41000 nmethod 4348 0x0000000003b7b6d0 code [0x0000000003b7b880, 0x0000000003b7be68]
Event: 11.487 Thread 0x0000000017f41000 4349       3       kotlin.reflect.jvm.internal.ReflectProperties$LazySoftVal::<init> (35 bytes)
Event: 11.488 Thread 0x0000000017f41000 nmethod 4349 0x0000000003b7c150 code [0x0000000003b7c300, 0x0000000003b7c910]

GC Heap History (10 events):
Event: 8.008 GC heap before
{Heap before GC invocations=8 (full 1):
 PSYoungGen      total 75776K, used 65536K [0x00000000e0000000, 0x00000000e5400000, 0x0000000100000000)
  eden space 65536K, 100% used [0x00000000e0000000,0x00000000e4000000,0x00000000e4000000)
  from space 10240K, 0% used [0x00000000e4a00000,0x00000000e4a00000,0x00000000e5400000)
  to   space 10240K, 0% used [0x00000000e4000000,0x00000000e4000000,0x00000000e4a00000)
 ParOldGen       total 54272K, used 8074K [0x00000000a0000000, 0x00000000a3500000, 0x00000000e0000000)
  object space 54272K, 14% used [0x00000000a0000000,0x00000000a07e2b80,0x00000000a3500000)
 Metaspace       used 28620K, capacity 29120K, committed 29440K, reserved 1075200K
  class space    used 3855K, capacity 4015K, committed 4096K, reserved 1048576K
Event: 8.015 GC heap after
Heap after GC invocations=8 (full 1):
 PSYoungGen      total 75776K, used 7731K [0x00000000e0000000, 0x00000000e8180000, 0x0000000100000000)
  eden space 65536K, 0% used [0x00000000e0000000,0x00000000e0000000,0x00000000e4000000)
  from space 10240K, 75% used [0x00000000e4000000,0x00000000e478cf18,0x00000000e4a00000)
  to   space 10240K, 0% used [0x00000000e7780000,0x00000000e7780000,0x00000000e8180000)
 ParOldGen       total 54272K, used 8082K [0x00000000a0000000, 0x00000000a3500000, 0x00000000e0000000)
  object space 54272K, 14% used [0x00000000a0000000,0x00000000a07e4b80,0x00000000a3500000)
 Metaspace       used 28620K, capacity 29120K, committed 29440K, reserved 1075200K
  class space    used 3855K, capacity 4015K, committed 4096K, reserved 1048576K
}
Event: 8.630 GC heap before
{Heap before GC invocations=9 (full 1):
 PSYoungGen      total 75776K, used 73267K [0x00000000e0000000, 0x00000000e8180000, 0x0000000100000000)
  eden space 65536K, 100% used [0x00000000e0000000,0x00000000e4000000,0x00000000e4000000)
  from space 10240K, 75% used [0x00000000e4000000,0x00000000e478cf18,0x00000000e4a00000)
  to   space 10240K, 0% used [0x00000000e7780000,0x00000000e7780000,0x00000000e8180000)
 ParOldGen       total 54272K, used 8082K [0x00000000a0000000, 0x00000000a3500000, 0x00000000e0000000)
  object space 54272K, 14% used [0x00000000a0000000,0x00000000a07e4b80,0x00000000a3500000)
 Metaspace       used 31678K, capacity 32276K, committed 32768K, reserved 1077248K
  class space    used 4356K, capacity 4535K, committed 4608K, reserved 1048576K
Event: 8.646 GC heap after
Heap after GC invocations=9 (full 1):
 PSYoungGen      total 121856K, used 8788K [0x00000000e0000000, 0x00000000e8400000, 0x0000000100000000)
  eden space 111616K, 0% used [0x00000000e0000000,0x00000000e0000000,0x00000000e6d00000)
  from space 10240K, 85% used [0x00000000e7780000,0x00000000e80151a8,0x00000000e8180000)
  to   space 10752K, 0% used [0x00000000e6d00000,0x00000000e6d00000,0x00000000e7780000)
 ParOldGen       total 54272K, used 8090K [0x00000000a0000000, 0x00000000a3500000, 0x00000000e0000000)
  object space 54272K, 14% used [0x00000000a0000000,0x00000000a07e6b80,0x00000000a3500000)
 Metaspace       used 31678K, capacity 32276K, committed 32768K, reserved 1077248K
  class space    used 4356K, capacity 4535K, committed 4608K, reserved 1048576K
}
Event: 9.462 GC heap before
{Heap before GC invocations=10 (full 1):
 PSYoungGen      total 121856K, used 65044K [0x00000000e0000000, 0x00000000e8400000, 0x0000000100000000)
  eden space 111616K, 50% used [0x00000000e0000000,0x00000000e36f01a0,0x00000000e6d00000)
  from space 10240K, 85% used [0x00000000e7780000,0x00000000e80151a8,0x00000000e8180000)
  to   space 10752K, 0% used [0x00000000e6d00000,0x00000000e6d00000,0x00000000e7780000)
 ParOldGen       total 54272K, used 8090K [0x00000000a0000000, 0x00000000a3500000, 0x00000000e0000000)
  object space 54272K, 14% used [0x00000000a0000000,0x00000000a07e6b80,0x00000000a3500000)
 Metaspace       used 34487K, capacity 35266K, committed 35416K, reserved 1079296K
  class space    used 4740K, capacity 4940K, committed 4952K, reserved 1048576K
Event: 9.482 GC heap after
Heap after GC invocations=10 (full 1):
 PSYoungGen      total 122368K, used 10731K [0x00000000e0000000, 0x00000000eb600000, 0x0000000100000000)
  eden space 111616K, 0% used [0x00000000e0000000,0x00000000e0000000,0x00000000e6d00000)
  from space 10752K, 99% used [0x00000000e6d00000,0x00000000e777ac48,0x00000000e7780000)
  to   space 12288K, 0% used [0x00000000eaa00000,0x00000000eaa00000,0x00000000eb600000)
 ParOldGen       total 54272K, used 8425K [0x00000000a0000000, 0x00000000a3500000, 0x00000000e0000000)
  object space 54272K, 15% used [0x00000000a0000000,0x00000000a083a578,0x00000000a3500000)
 Metaspace       used 34487K, capacity 35266K, committed 35416K, reserved 1079296K
  class space    used 4740K, capacity 4940K, committed 4952K, reserved 1048576K
}
Event: 9.482 GC heap before
{Heap before GC invocations=11 (full 2):
 PSYoungGen      total 122368K, used 10731K [0x00000000e0000000, 0x00000000eb600000, 0x0000000100000000)
  eden space 111616K, 0% used [0x00000000e0000000,0x00000000e0000000,0x00000000e6d00000)
  from space 10752K, 99% used [0x00000000e6d00000,0x00000000e777ac48,0x00000000e7780000)
  to   space 12288K, 0% used [0x00000000eaa00000,0x00000000eaa00000,0x00000000eb600000)
 ParOldGen       total 54272K, used 8425K [0x00000000a0000000, 0x00000000a3500000, 0x00000000e0000000)
  object space 54272K, 15% used [0x00000000a0000000,0x00000000a083a578,0x00000000a3500000)
 Metaspace       used 34487K, capacity 35266K, committed 35416K, reserved 1079296K
  class space    used 4740K, capacity 4940K, committed 4952K, reserved 1048576K
Event: 9.583 GC heap after
Heap after GC invocations=11 (full 2):
 PSYoungGen      total 122368K, used 0K [0x00000000e0000000, 0x00000000eb600000, 0x0000000100000000)
  eden space 111616K, 0% used [0x00000000e0000000,0x00000000e0000000,0x00000000e6d00000)
  from space 10752K, 0% used [0x00000000e6d00000,0x00000000e6d00000,0x00000000e7780000)
  to   space 12288K, 0% used [0x00000000eaa00000,0x00000000eaa00000,0x00000000eb600000)
 ParOldGen       total 85504K, used 17721K [0x00000000a0000000, 0x00000000a5380000, 0x00000000e0000000)
  object space 85504K, 20% used [0x00000000a0000000,0x00000000a114e5c0,0x00000000a5380000)
 Metaspace       used 34482K, capacity 35248K, committed 35416K, reserved 1079296K
  class space    used 4738K, capacity 4937K, committed 4952K, reserved 1048576K
}
Event: 10.968 GC heap before
{Heap before GC invocations=12 (full 2):
 PSYoungGen      total 122368K, used 111616K [0x00000000e0000000, 0x00000000eb600000, 0x0000000100000000)
  eden space 111616K, 100% used [0x00000000e0000000,0x00000000e6d00000,0x00000000e6d00000)
  from space 10752K, 0% used [0x00000000e6d00000,0x00000000e6d00000,0x00000000e7780000)
  to   space 12288K, 0% used [0x00000000eaa00000,0x00000000eaa00000,0x00000000eb600000)
 ParOldGen       total 85504K, used 17721K [0x00000000a0000000, 0x00000000a5380000, 0x00000000e0000000)
  object space 85504K, 20% used [0x00000000a0000000,0x00000000a114e5c0,0x00000000a5380000)
 Metaspace       used 45811K, capacity 46820K, committed 47064K, reserved 1089536K
  class space    used 6137K, capacity 6356K, committed 6360K, reserved 1048576K
Event: 10.983 GC heap after
Heap after GC invocations=12 (full 2):
 PSYoungGen      total 153600K, used 12259K [0x00000000e0000000, 0x00000000eb600000, 0x0000000100000000)
  eden space 141312K, 0% used [0x00000000e0000000,0x00000000e0000000,0x00000000e8a00000)
  from space 12288K, 99% used [0x00000000eaa00000,0x00000000eb5f8d48,0x00000000eb600000)
  to   space 14336K, 0% used [0x00000000e9a00000,0x00000000e9a00000,0x00000000ea800000)
 ParOldGen       total 85504K, used 20348K [0x00000000a0000000, 0x00000000a5380000, 0x00000000e0000000)
  object space 85504K, 23% used [0x00000000a0000000,0x00000000a13df3c8,0x00000000a5380000)
 Metaspace       used 45811K, capacity 46820K, committed 47064K, reserved 1089536K
  class space    used 6137K, capacity 6356K, committed 6360K, reserved 1048576K
}

Deoptimization events (10 events):
Event: 10.342 Thread 0x0000000019e1e800 Uncommon trap: reason=unstable_if action=reinterpret pc=0x0000000003392e6c method=java.security.CodeSource.getCertificates()[Ljava/security/cert/Certificate; @ 22
Event: 10.343 Thread 0x0000000019e1e800 Uncommon trap: reason=unstable_if action=reinterpret pc=0x0000000003873b18 method=java.security.CodeSource.matchCerts(Ljava/security/CodeSource;Z)Z @ 11
Event: 10.360 Thread 0x0000000019e1e800 Uncommon trap: reason=unstable_if action=reinterpret pc=0x0000000003904dfc method=java.util.LinkedHashMap.get(Ljava/lang/Object;)Ljava/lang/Object; @ 20
Event: 10.431 Thread 0x0000000019e1e800 Uncommon trap: reason=unstable_if action=reinterpret pc=0x000000000376f328 method=org.objectweb.asm.ByteVector.putUTF8(Ljava/lang/String;)Lorg/objectweb/asm/ByteVector; @ 93
Event: 10.530 Thread 0x0000000019e1e800 Uncommon trap: reason=unstable_if action=reinterpret pc=0x0000000003491bf0 method=org.objectweb.asm.ByteVector.putUTF8(Ljava/lang/String;)Lorg/objectweb/asm/ByteVector; @ 93
Event: 10.798 Thread 0x0000000019e1e800 Uncommon trap: reason=unstable_if action=reinterpret pc=0x0000000003772a7c method=org.gradle.internal.reflect.PropertyAccessorType.of(Ljava/lang/reflect/Method;)Lorg/gradle/internal/reflect/PropertyAccessorType; @ 56
Event: 10.902 Thread 0x0000000019e1e800 Uncommon trap: reason=unstable_if action=reinterpret pc=0x00000000033e3724 method=java.lang.String.lastIndexOf([CII[CIII)I @ 17
Event: 10.902 Thread 0x0000000019e1e800 Uncommon trap: reason=unstable_if action=reinterpret pc=0x0000000003755090 method=sun.net.www.protocol.jar.Handler.parseURL(Ljava/net/URL;Ljava/lang/String;II)V @ 94
Event: 10.914 Thread 0x0000000019e1e800 Uncommon trap: reason=unstable_if action=reinterpret pc=0x0000000003356af8 method=java.util.concurrent.ConcurrentHashMap.putVal(Ljava/lang/Object;Ljava/lang/Object;Z)Ljava/lang/Object; @ 195
Event: 11.072 Thread 0x0000000019e1e800 Uncommon trap: reason=unstable_if action=reinterpret pc=0x000000000373c55c method=org.codehaus.groovy.runtime.metaclass.MetaMethodIndex.addMethodToList(Ljava/lang/Object;Lgroovy/lang/MetaMethod;)Ljava/lang/Object; @ 226

Classes redefined (0 events):
No events

Internal exceptions (10 events):
Event: 11.128 Thread 0x0000000019e1e800 Exception <a 'java/lang/ClassNotFoundException': org/gradle/api/plugins/BasePluginConventionCustomizer> (0x00000000e128fe30) thrown at [D:\src\AOSP-openjdk-cygwin\jdk8u\hotspot\src\share\vm\classfile\systemDictionary.cpp, line 210]
Event: 11.130 Thread 0x0000000019e1e800 Exception <a 'java/lang/ClassNotFoundException': org/gradle/api/plugins/internal/DefaultBasePluginConventionCustomizer> (0x00000000e12f4ce0) thrown at [D:\src\AOSP-openjdk-cygwin\jdk8u\hotspot\src\share\vm\classfile\systemDictionary.cpp, line 210]
Event: 11.134 Thread 0x0000000019e1e800 Exception <a 'java/lang/ClassNotFoundException': org/gradle/api/plugins/internal/DefaultJavaPluginConventionBeanInfo> (0x00000000e1392860) thrown at [D:\src\AOSP-openjdk-cygwin\jdk8u\hotspot\src\share\vm\classfile\systemDictionary.cpp, line 210]
Event: 11.135 Thread 0x0000000019e1e800 Exception <a 'java/lang/ClassNotFoundException': org/gradle/api/plugins/JavaPluginConventionBeanInfo> (0x00000000e13d7168) thrown at [D:\src\AOSP-openjdk-cygwin\jdk8u\hotspot\src\share\vm\classfile\systemDictionary.cpp, line 210]
Event: 11.137 Thread 0x0000000019e1e800 Exception <a 'java/lang/ClassNotFoundException': org/gradle/api/plugins/JavaPluginConventionCustomizer> (0x00000000e141cc68) thrown at [D:\src\AOSP-openjdk-cygwin\jdk8u\hotspot\src\share\vm\classfile\systemDictionary.cpp, line 210]
Event: 11.138 Thread 0x0000000019e1e800 Exception <a 'java/lang/ClassNotFoundException': org/gradle/api/plugins/internal/DefaultJavaPluginConventionCustomizer> (0x00000000e148db10) thrown at [D:\src\AOSP-openjdk-cygwin\jdk8u\hotspot\src\share\vm\classfile\systemDictionary.cpp, line 210]
Event: 11.341 Thread 0x0000000019e1e800 Exception <a 'java/lang/NoSuchMethodError': java.lang.Object.lambda$comparing$77a9974f$1(Ljava/util/function/Function;Ljava/lang/Object;Ljava/lang/Object;)I> (0x00000000e1d21220) thrown at [D:\src\AOSP-openjdk-cygwin\jdk8u\hotspot\src\share\vm\interpreter
Event: 11.342 Thread 0x0000000019e1e800 Exception <a 'java/lang/NoSuchMethodError': java.lang.Object.lambda$comparingInt$7b0bb60$1(Ljava/util/function/ToIntFunction;Ljava/lang/Object;Ljava/lang/Object;)I> (0x00000000e1d2b808) thrown at [D:\src\AOSP-openjdk-cygwin\jdk8u\hotspot\src\share\vm\inte
Event: 11.344 Thread 0x0000000019e1e800 Exception <a 'java/lang/NoSuchMethodError': java.lang.Object.lambda$thenComparing$36697e65$1(Ljava/util/Comparator;Ljava/lang/Object;Ljava/lang/Object;)I> (0x00000000e1d34390) thrown at [D:\src\AOSP-openjdk-cygwin\jdk8u\hotspot\src\share\vm\interpreter\li
Event: 11.346 Thread 0x0000000019e1e800 Exception <a 'java/lang/NoSuchMethodError': java.lang.Object.lambda$comparing$ea9a8b3a$1(Ljava/util/Comparator;Ljava/util/function/Function;Ljava/lang/Object;Ljava/lang/Object;)I> (0x00000000e1d41e40) thrown at [D:\src\AOSP-openjdk-cygwin\jdk8u\hotspot\sr

Events (10 events):
Event: 11.622 loading class kotlin/reflect/jvm/internal/impl/metadata/ProtoBuf$ValueParameter
Event: 11.622 loading class kotlin/reflect/jvm/internal/impl/metadata/ProtoBuf$ValueParameter done
Event: 11.623 loading class kotlin/reflect/jvm/internal/impl/metadata/ProtoBuf$ValueParameterOrBuilder
Event: 11.623 loading class kotlin/reflect/jvm/internal/impl/metadata/ProtoBuf$ValueParameterOrBuilder done
Event: 11.625 loading class kotlin/reflect/jvm/internal/impl/metadata/ProtoBuf$ValueParameter$1
Event: 11.625 loading class kotlin/reflect/jvm/internal/impl/metadata/ProtoBuf$ValueParameter$1 done
Event: 11.625 loading class kotlin/reflect/jvm/internal/impl/metadata/ProtoBuf$Annotation$Argument$Value
Event: 11.625 loading class kotlin/reflect/jvm/internal/impl/metadata/ProtoBuf$Annotation$Argument$Value done
Event: 11.626 loading class kotlin/reflect/jvm/internal/impl/metadata/ProtoBuf$Annotation$Argument$ValueOrBuilder
Event: 11.626 loading class kotlin/reflect/jvm/internal/impl/metadata/ProtoBuf$Annotation$Argument$ValueOrBuilder done


Dynamic libraries:
0x00007ff711fa0000 - 0x00007ff711fd1000 	C:\Program Files\Android\Android Studio\jre\bin\java.exe
0x00007ffb3c090000 - 0x00007ffb3c27d000 	C:\Windows\SYSTEM32\ntdll.dll
0x00007ffb39750000 - 0x00007ffb39803000 	C:\Windows\System32\KERNEL32.DLL
0x00007ffb38e50000 - 0x00007ffb390e3000 	C:\Windows\System32\KERNELBASE.dll
0x00007ffb3bf50000 - 0x00007ffb3bff3000 	C:\Windows\System32\ADVAPI32.dll
0x00007ffb3b380000 - 0x00007ffb3b41e000 	C:\Windows\System32\msvcrt.dll
0x00007ffb3b500000 - 0x00007ffb3b59e000 	C:\Windows\System32\sechost.dll
0x00007ffb39620000 - 0x00007ffb39742000 	C:\Windows\System32\RPCRT4.dll
0x00007ffb39290000 - 0x00007ffb39427000 	C:\Windows\System32\USER32.dll
0x00007ffb38e30000 - 0x00007ffb38e50000 	C:\Windows\System32\win32u.dll
0x00007ffb3bf20000 - 0x00007ffb3bf49000 	C:\Windows\System32\GDI32.dll
0x00007ffb38130000 - 0x00007ffb382ca000 	C:\Windows\System32\gdi32full.dll
0x00007ffb391f0000 - 0x00007ffb39290000 	C:\Windows\System32\msvcp_win.dll
0x00007ffb38350000 - 0x00007ffb3844a000 	C:\Windows\System32\ucrtbase.dll
0x00007ffb1ff40000 - 0x00007ffb201b9000 	C:\Windows\WinSxS\amd64_microsoft.windows.common-controls_6595b64144ccf1df_6.0.17763.379_none_05b83be8071c94a1\COMCTL32.dll
0x00007ffb39b60000 - 0x00007ffb39e8d000 	C:\Windows\System32\combase.dll
0x00007ffb39110000 - 0x00007ffb3918e000 	C:\Windows\System32\bcryptPrimitives.dll
0x00007ffb3b770000 - 0x00007ffb3b79e000 	C:\Windows\System32\IMM32.DLL
0x0000000050250000 - 0x0000000050322000 	C:\Program Files\Android\Android Studio\jre\jre\bin\msvcr100.dll
0x0000000076d30000 - 0x0000000077576000 	C:\Program Files\Android\Android Studio\jre\jre\bin\server\jvm.dll
0x00007ffb3bd00000 - 0x00007ffb3bd08000 	C:\Windows\System32\PSAPI.DLL
0x00007ffb333e0000 - 0x00007ffb333e9000 	C:\Windows\SYSTEM32\WSOCK32.dll
0x00007ffb399c0000 - 0x00007ffb39a2d000 	C:\Windows\System32\WS2_32.dll
0x00007ffb26540000 - 0x00007ffb2654a000 	C:\Windows\SYSTEM32\VERSION.dll
0x00007ffb35a90000 - 0x00007ffb35ab4000 	C:\Windows\SYSTEM32\WINMM.dll
0x00007ffb35a60000 - 0x00007ffb35a8d000 	C:\Windows\SYSTEM32\WINMMBASE.dll
0x00007ffb38300000 - 0x00007ffb3834a000 	C:\Windows\System32\cfgmgr32.dll
0x00007ffb2ff70000 - 0x00007ffb2ff7f000 	C:\Program Files\Android\Android Studio\jre\jre\bin\verify.dll
0x00007ffb2bba0000 - 0x00007ffb2bbc9000 	C:\Program Files\Android\Android Studio\jre\jre\bin\java.dll
0x00007ffb2ff50000 - 0x00007ffb2ff66000 	C:\Program Files\Android\Android Studio\jre\jre\bin\zip.dll
0x00007ffb39e90000 - 0x00007ffb3b380000 	C:\Windows\System32\SHELL32.dll
0x00007ffb39430000 - 0x00007ffb394d8000 	C:\Windows\System32\shcore.dll
0x00007ffb386e0000 - 0x00007ffb38e2a000 	C:\Windows\System32\windows.storage.dll
0x00007ffb38080000 - 0x00007ffb380a4000 	C:\Windows\System32\profapi.dll
0x00007ffb380d0000 - 0x00007ffb3812d000 	C:\Windows\System32\powrprof.dll
0x00007ffb3b710000 - 0x00007ffb3b762000 	C:\Windows\System32\shlwapi.dll
0x00007ffb38060000 - 0x00007ffb38071000 	C:\Windows\System32\kernel.appcore.dll
0x00007ffb390f0000 - 0x00007ffb39107000 	C:\Windows\System32\cryptsp.dll
0x00007ffb2bb80000 - 0x00007ffb2bb9a000 	C:\Program Files\Android\Android Studio\jre\jre\bin\net.dll
0x00007ffb37880000 - 0x00007ffb378e7000 	C:\Windows\system32\mswsock.dll
0x00007ffb2bb60000 - 0x00007ffb2bb71000 	C:\Program Files\Android\Android Studio\jre\jre\bin\nio.dll
0x00007ffb26640000 - 0x00007ffb26666000 	C:\Users\marcelo.couto\.gradle\native\29\windows-amd64\native-platform.dll
0x00007ffb2bb50000 - 0x00007ffb2bb5d000 	C:\Program Files\Android\Android Studio\jre\jre\bin\management.dll
0x00007ffb37440000 - 0x00007ffb37473000 	C:\Windows\system32\rsaenh.dll
0x00007ffb382d0000 - 0x00007ffb382f6000 	C:\Windows\System32\bcrypt.dll
0x00007ffb37f90000 - 0x00007ffb37fb8000 	C:\Windows\SYSTEM32\USERENV.dll
0x00007ffb37a50000 - 0x00007ffb37a5c000 	C:\Windows\SYSTEM32\CRYPTBASE.dll
0x00007ffb375e0000 - 0x00007ffb3761d000 	C:\Windows\SYSTEM32\IPHLPAPI.DLL
0x00007ffb3c000000 - 0x00007ffb3c008000 	C:\Windows\System32\NSI.dll
0x00007ffb33c00000 - 0x00007ffb33c16000 	C:\Windows\SYSTEM32\dhcpcsvc6.DLL
0x00007ffb33be0000 - 0x00007ffb33bfc000 	C:\Windows\SYSTEM32\dhcpcsvc.DLL
0x00007ffb37620000 - 0x00007ffb376e6000 	C:\Windows\SYSTEM32\DNSAPI.dll

VM Arguments:
jvm_args: -Xmx1536m -Dfile.encoding=windows-1252 -Duser.country=BR -Duser.language=pt -Duser.variant 
java_command: org.gradle.launcher.daemon.bootstrap.GradleDaemon 5.4.1
java_class_path (initial): C:\Users\marcelo.couto\.gradle\wrapper\dists\gradle-5.4.1-all\3221gyojl5jsh0helicew7rwx\gradle-5.4.1\lib\gradle-launcher-5.4.1.jar
Launcher Type: SUN_STANDARD

Environment Variables:
PATH=C:\Program Files (x86)\Common Files\Oracle\Java\javapath;C:\Windows\system32;C:\Windows;C:\Windows\System32\Wbem;C:\Windows\System32\WindowsPowerShell\v1.0\;C:\Windows\System32\OpenSSH\;C:\Program Files (x86)\Intel\Intel(R) Management Engine Components\DAL;C:\Program Files\Intel\Intel(R) Management Engine Components\DAL;C:\Users\marcelo.couto\AppData\Local\Programs\Python\Python37-32;C:\Users\marcelo.couto\AppData\Local\Programs\Python\Python37-32\Scripts;"C:\Python34;C:\Python34\Scripts";C:\Program Files\Git\cmd;C:\Users\marcelo.couto\AppData\Local\Microsoft\WindowsApps;
USERNAME=Marcelo.Couto
OS=Windows_NT
PROCESSOR_IDENTIFIER=Intel64 Family 6 Model 142 Stepping 9, GenuineIntel



---------------  S Y S T E M  ---------------

OS: Windows 10.0 , 64 bit Build 17763 (10.0.17763.379)

CPU:total 4 (initial active 4) (2 cores per cpu, 2 threads per core) family 6 model 142 stepping 9, cmov, cx8, fxsr, mmx, sse, sse2, sse3, ssse3, sse4.1, sse4.2, popcnt, avx, avx2, aes, clmul, erms, 3dnowpref, lzcnt, ht, tsc, tscinvbit, bmi1, bmi2, adx

Memory: 4k page, physical 8164572k(901800k free), swap 8164572k(6216k free)

vm_info: OpenJDK 64-Bit Server VM (25.202-b03) for windows-amd64 JRE (1.8.0_202-release-1483-b03), built by "builder" with MS VC++ 10.0 (VS2010)

time: Sat Nov 09 17:01:45 2019
timezone: Hora Padro de Buenos Aires
elapsed time: 11 seconds (0d 0h 0m 11s)

